<?xml version="1.0" encoding="UTF-8"?>
<testsuite name="com.example.demo.DemoApplicationTests" tests="1" skipped="0" failures="0" errors="0" timestamp="2021-05-21T00:47:07" hostname="LAPTOP-449SQE49" time="0.337">
  <properties/>
  <testcase name="testBeansConfig" classname="com.example.demo.DemoApplicationTests" time="0.337"/>
  <system-out><![CDATA[2021-05-21 08:47:04,741 Test worker DEBUG Apache Log4j Core 2.11.2 initializing configuration XmlConfiguration[location=C:\Users\user\Documents\xmldemo\build\resources\main\log4j2.xml]
2021-05-21 08:47:04,747 Test worker DEBUG Installed 1 script engine
2021-05-21 08:47:04,930 Test worker DEBUG Oracle Nashorn version: 1.8.0_291, language: ECMAScript, threading: Not Thread Safe, compile: true, names: [nashorn, Nashorn, js, JS, JavaScript, javascript, ECMAScript, ecmascript], factory class: jdk.nashorn.api.scripting.NashornScriptEngineFactory
2021-05-21 08:47:04,931 Test worker DEBUG PluginManager 'Core' found 117 plugins
2021-05-21 08:47:04,932 Test worker DEBUG PluginManager 'Level' found 0 plugins
2021-05-21 08:47:04,939 Test worker DEBUG Building Plugin[name=property, class=org.apache.logging.log4j.core.config.Property].
2021-05-21 08:47:04,947 Test worker TRACE TypeConverterRegistry initializing.
2021-05-21 08:47:04,948 Test worker DEBUG PluginManager 'TypeConverter' found 26 plugins
2021-05-21 08:47:04,954 Test worker DEBUG createProperty(name="filepath", value="./tmp/log4j2")
2021-05-21 08:47:04,954 Test worker DEBUG Building Plugin[name=properties, class=org.apache.logging.log4j.core.config.PropertiesPlugin].
2021-05-21 08:47:04,958 Test worker DEBUG configureSubstitutor(={filepath=./tmp/log4j2}, Configuration(LogConfig))
2021-05-21 08:47:04,958 Test worker DEBUG PluginManager 'Lookup' found 13 plugins
2021-05-21 08:47:04,959 Test worker DEBUG Building Plugin[name=layout, class=org.apache.logging.log4j.core.layout.PatternLayout].
2021-05-21 08:47:04,964 Test worker DEBUG PatternLayout$Builder(pattern="[%d] - [%c] - [%highlight{%level}] - [%method] - [%t] - %msg%n", PatternSelector=null, Configuration(LogConfig), Replace=null, charset="null", alwaysWriteExceptions="null", disableAnsi="null", noConsoleNoAnsi="null", header="null", footer="null")
2021-05-21 08:47:04,965 Test worker DEBUG PluginManager 'Converter' found 47 plugins
2021-05-21 08:47:04,975 Test worker DEBUG Building Plugin[name=appender, class=org.apache.logging.log4j.core.appender.ConsoleAppender].
2021-05-21 08:47:04,982 Test worker DEBUG ConsoleAppender$Builder(target="SYSTEM_OUT", follow="null", direct="null", bufferedIo="null", bufferSize="null", immediateFlush="null", ignoreExceptions="null", PatternLayout([%d] - [%c] - [%highlight{%level}] - [%method] - [%t] - %msg%n), name="stdout", Configuration(LogConfig), Filter=null, ={})
2021-05-21 08:47:04,983 Test worker DEBUG Starting OutputStreamManager SYSTEM_OUT.false.false
2021-05-21 08:47:04,983 Test worker DEBUG Building Plugin[name=layout, class=org.apache.logging.log4j.core.layout.PatternLayout].
2021-05-21 08:47:04,984 Test worker DEBUG PatternLayout$Builder(pattern="[%d] - [%c] - [%highlight{%level}] - [%method] - [%t] - %msg%n", PatternSelector=null, Configuration(LogConfig), Replace=null, charset="null", alwaysWriteExceptions="null", disableAnsi="null", noConsoleNoAnsi="null", header="null", footer="null")
2021-05-21 08:47:04,985 Test worker DEBUG Building Plugin[name=OnStartupTriggeringPolicy, class=org.apache.logging.log4j.core.appender.rolling.OnStartupTriggeringPolicy].
2021-05-21 08:47:04,986 Test worker DEBUG createPolicy(minSize="1")
2021-05-21 08:47:04,987 Test worker DEBUG Building Plugin[name=TimeBasedTriggeringPolicy, class=org.apache.logging.log4j.core.appender.rolling.TimeBasedTriggeringPolicy].
2021-05-21 08:47:04,989 Test worker DEBUG TimeBasedTriggeringPolicy$Builder(interval="1", modulate="true", maxRandomDelay="null")
2021-05-21 08:47:04,989 Test worker DEBUG Building Plugin[name=SizeBasedTriggeringPolicy, class=org.apache.logging.log4j.core.appender.rolling.SizeBasedTriggeringPolicy].
2021-05-21 08:47:04,990 Test worker DEBUG createPolicy(size="3 MB")
2021-05-21 08:47:04,991 Test worker DEBUG Building Plugin[name=Policies, class=org.apache.logging.log4j.core.appender.rolling.CompositeTriggeringPolicy].
2021-05-21 08:47:04,991 Test worker DEBUG createPolicy(={OnStartupTriggeringPolicy, TimeBasedTriggeringPolicy(nextRolloverMillis=0, interval=1, modulate=true), SizeBasedTriggeringPolicy(size=3145728)})
2021-05-21 08:47:04,992 Test worker DEBUG Building Plugin[name=DefaultRolloverStrategy, class=org.apache.logging.log4j.core.appender.rolling.DefaultRolloverStrategy].
2021-05-21 08:47:04,994 Test worker DEBUG DefaultRolloverStrategy$Builder(max="10", min="null", fileIndex="null", compressionLevel="null", ={}, stopCustomActionsOnError="null", tempCompressedFilePattern="null", Configuration(LogConfig))
2021-05-21 08:47:04,995 Test worker DEBUG Building Plugin[name=appender, class=org.apache.logging.log4j.core.appender.RollingFileAppender].
2021-05-21 08:47:04,997 Test worker DEBUG RollingFileAppender$Builder(fileName="./tmp/log4j2/service.log", filePattern="./tmp/log4j2/bak/service-%d{yy-MM-dd}-%i.log.gz", append="null", locking="null", Policies(CompositeTriggeringPolicy(policies=[OnStartupTriggeringPolicy, TimeBasedTriggeringPolicy(nextRolloverMillis=0, interval=1, modulate=true), SizeBasedTriggeringPolicy(size=3145728)])), DefaultRolloverStrategy(DefaultRolloverStrategy(min=1, max=10, useMax=true)), advertise="null", advertiseUri="null", createOnDemand="null", filePermissions="null", fileOwner="null", fileGroup="null", bufferedIo="null", bufferSize="null", immediateFlush="null", ignoreExceptions="null", PatternLayout([%d] - [%c] - [%highlight{%level}] - [%method] - [%t] - %msg%n), name="service", Configuration(LogConfig), Filter=null, ={})
2021-05-21 08:47:05,000 Test worker TRACE New file './tmp/log4j2/service.log' created = false
2021-05-21 08:47:05,003 Test worker DEBUG Returning file creation time for C:\Users\user\Documents\xmldemo\.\tmp\log4j2\service.log
2021-05-21 08:47:05,004 Test worker DEBUG Starting RollingFileManager ./tmp/log4j2/service.log
2021-05-21 08:47:05,005 Test worker DEBUG PluginManager 'FileConverter' found 2 plugins
2021-05-21 08:47:05,007 Test worker DEBUG Setting prev file time to 2021-05-18T21:53:52.035+0800
2021-05-21 08:47:05,008 Test worker DEBUG Initializing triggering policy CompositeTriggeringPolicy(policies=[OnStartupTriggeringPolicy, TimeBasedTriggeringPolicy(nextRolloverMillis=0, interval=1, modulate=true), SizeBasedTriggeringPolicy(size=3145728)])
2021-05-21 08:47:05,009 Test worker DEBUG Initializing triggering policy OnStartupTriggeringPolicy
2021-05-21 08:47:05,009 Test worker DEBUG Initiating rollover at startup
2021-05-21 08:47:05,010 Test worker DEBUG Formatting file name. useCurrentTime=false. currentFileTime=0, prevFileTime=1621346032035
2021-05-21 08:47:05,013 Test worker TRACE Using default SystemClock for timestamps.
2021-05-21 08:47:05,014 Test worker DEBUG org.apache.logging.log4j.core.util.SystemClock does not support precise timestamps.
2021-05-21 08:47:05,015 Test worker DEBUG Formatting file name. useCurrentTime=false. currentFileTime=0, prevFileTime=1621346032035
2021-05-21 08:47:05,015 Test worker TRACE DefaultRolloverStrategy.purge() took 5.0 milliseconds
2021-05-21 08:47:05,017 Test worker DEBUG RollingFileManager executing synchronous FileRenameAction[.\tmp\log4j2\service.log to .\tmp\log4j2\bak\service-21-05-18-1.log, renameEmptyFiles=false]
2021-05-21 08:47:05,019 Test worker TRACE Renamed file C:\Users\user\Documents\xmldemo\.\tmp\log4j2\service.log to C:\Users\user\Documents\xmldemo\.\tmp\log4j2\bak\service-21-05-18-1.log with Files.move
2021-05-21 08:47:05,019 Test worker DEBUG RollingFileManager executing async GzCompressAction[.\tmp\log4j2\bak\service-21-05-18-1.log to .\tmp\log4j2\bak\service-21-05-18-1.log.gz, deleteSource=true]
2021-05-21 08:47:05,020 Test worker DEBUG Now writing to ./tmp/log4j2/service.log at 2021-05-21T08:47:05.020+0800
2021-05-21 08:47:05,020 Test worker DEBUG Initializing triggering policy TimeBasedTriggeringPolicy(nextRolloverMillis=0, interval=1, modulate=true)
2021-05-21 08:47:05,021 Test worker TRACE PatternProcessor.getNextTime returning 2021/05/22-00:00:00.000, nextFileTime=2021/05/21-00:00:00.000, prevFileTime=1970/01/01-08:00:00.000, current=2021/05/21-08:47:05.021, freq=DAILY
2021-05-21 08:47:05,022 Test worker TRACE PatternProcessor.getNextTime returning 2021/05/22-00:00:00.000, nextFileTime=2021/05/21-00:00:00.000, prevFileTime=2021/05/21-00:00:00.000, current=2021/05/21-08:47:05.022, freq=DAILY
2021-05-21 08:47:05,023 Test worker DEBUG Initializing triggering policy SizeBasedTriggeringPolicy(size=3145728)
2021-05-21 08:47:05,023 Test worker DEBUG Building Plugin[name=layout, class=org.apache.logging.log4j.core.layout.PatternLayout].
2021-05-21 08:47:05,024 Test worker DEBUG PatternLayout$Builder(pattern="[%d] - [%c] - [%highlight{%level}] - [%method] - [%t] - %msg%n", PatternSelector=null, Configuration(LogConfig), Replace=null, charset="null", alwaysWriteExceptions="null", disableAnsi="null", noConsoleNoAnsi="null", header="null", footer="null")
2021-05-21 08:47:05,024 Test worker DEBUG Building Plugin[name=OnStartupTriggeringPolicy, class=org.apache.logging.log4j.core.appender.rolling.OnStartupTriggeringPolicy].
2021-05-21 08:47:05,025 Test worker DEBUG createPolicy(minSize="1")
2021-05-21 08:47:05,025 Test worker DEBUG Building Plugin[name=TimeBasedTriggeringPolicy, class=org.apache.logging.log4j.core.appender.rolling.TimeBasedTriggeringPolicy].
2021-05-21 08:47:05,025 Test worker DEBUG TimeBasedTriggeringPolicy$Builder(interval="1", modulate="true", maxRandomDelay="null")
2021-05-21 08:47:05,025 Test worker DEBUG Building Plugin[name=SizeBasedTriggeringPolicy, class=org.apache.logging.log4j.core.appender.rolling.SizeBasedTriggeringPolicy].
2021-05-21 08:47:05,026 Test worker DEBUG createPolicy(size="3 MB")
2021-05-21 08:47:05,027 Test worker DEBUG Building Plugin[name=Policies, class=org.apache.logging.log4j.core.appender.rolling.CompositeTriggeringPolicy].
2021-05-21 08:47:05,027 Test worker DEBUG createPolicy(={OnStartupTriggeringPolicy, TimeBasedTriggeringPolicy(nextRolloverMillis=0, interval=1, modulate=true), SizeBasedTriggeringPolicy(size=3145728)})
2021-05-21 08:47:05,027 Test worker DEBUG Building Plugin[name=IfFileName, class=org.apache.logging.log4j.core.appender.rolling.action.IfFileName].
2021-05-21 08:47:05,028 Test worker DEBUG createNameCondition(glob="hibernate-*.log.gz", regex="null", ={})
2021-05-21 08:47:05,029 Test worker DEBUG Building Plugin[name=IfLastModified, class=org.apache.logging.log4j.core.appender.rolling.action.IfLastModified].
2021-05-21 08:47:05,030 Test worker DEBUG createAgeCondition(age="P3D", ={})
2021-05-21 08:47:05,030 Test worker TRACE Using default SystemClock for timestamps.
2021-05-21 08:47:05,030 Test worker DEBUG org.apache.logging.log4j.core.util.SystemClock does not support precise timestamps.
2021-05-21 08:47:05,030 Test worker DEBUG Building Plugin[name=Delete, class=org.apache.logging.log4j.core.appender.rolling.action.DeleteAction].
2021-05-21 08:47:05,031 Test worker DEBUG createDeleteAction(basePath="./tmp/log4j2/bak", followLinks="false", maxDepth="1", testMode="false", PathSorter=null, ={IfFileName(glob:hibernate-*.log.gz), IfLastModified(age=P3D)}, ScriptCondition=null, Configuration(LogConfig))
2021-05-21 08:47:05,032 Test worker DEBUG Building Plugin[name=DefaultRolloverStrategy, class=org.apache.logging.log4j.core.appender.rolling.DefaultRolloverStrategy].
2021-05-21 08:47:05,032 Test worker DEBUG DefaultRolloverStrategy$Builder(max="null", min="null", fileIndex="null", compressionLevel="null", ={DeleteAction[basePath=.\tmp\log4j2\bak, options=[], maxDepth=1, conditions=[IfFileName(glob:hibernate-*.log.gz), IfLastModified(age=P3D)]]}, stopCustomActionsOnError="null", tempCompressedFilePattern="null", Configuration(LogConfig))
2021-05-21 08:47:05,032 Test worker DEBUG Building Plugin[name=appender, class=org.apache.logging.log4j.core.appender.RollingFileAppender].
2021-05-21 08:47:05,033 Test worker DEBUG RollingFileAppender$Builder(fileName="./tmp/log4j2/hibernate.log", filePattern="./tmp/log4j2/bak/hibernate-%d{yy-MM-dd}-%i.log.gz", append="null", locking="null", Policies(CompositeTriggeringPolicy(policies=[OnStartupTriggeringPolicy, TimeBasedTriggeringPolicy(nextRolloverMillis=0, interval=1, modulate=true), SizeBasedTriggeringPolicy(size=3145728)])), DefaultRolloverStrategy(DefaultRolloverStrategy(min=1, max=7, useMax=true)), advertise="null", advertiseUri="null", createOnDemand="null", filePermissions="null", fileOwner="null", fileGroup="null", bufferedIo="null", bufferSize="null", immediateFlush="null", ignoreExceptions="null", PatternLayout([%d] - [%c] - [%highlight{%level}] - [%method] - [%t] - %msg%n), name="hibernate", Configuration(LogConfig), Filter=null, ={})
2021-05-21 08:47:05,034 Test worker TRACE New file './tmp/log4j2/hibernate.log' created = false
2021-05-21 08:47:05,034 Test worker DEBUG Returning file creation time for C:\Users\user\Documents\xmldemo\.\tmp\log4j2\hibernate.log
2021-05-21 08:47:05,035 Test worker DEBUG Starting RollingFileManager ./tmp/log4j2/hibernate.log
2021-05-21 08:47:05,035 Test worker DEBUG PluginManager 'FileConverter' found 2 plugins
2021-05-21 08:47:05,035 Test worker DEBUG Setting prev file time to 2021-05-18T21:53:52.031+0800
2021-05-21 08:47:05,035 Test worker DEBUG Initializing triggering policy CompositeTriggeringPolicy(policies=[OnStartupTriggeringPolicy, TimeBasedTriggeringPolicy(nextRolloverMillis=0, interval=1, modulate=true), SizeBasedTriggeringPolicy(size=3145728)])
2021-05-21 08:47:05,036 Test worker DEBUG Initializing triggering policy OnStartupTriggeringPolicy
2021-05-21 08:47:05,036 Test worker DEBUG Initiating rollover at startup
2021-05-21 08:47:05,036 Test worker DEBUG Formatting file name. useCurrentTime=false. currentFileTime=0, prevFileTime=1621346032031
2021-05-21 08:47:05,037 Test worker DEBUG Formatting file name. useCurrentTime=false. currentFileTime=0, prevFileTime=1621346032031
2021-05-21 08:47:05,037 Test worker TRACE DefaultRolloverStrategy.purge() took 1.0 milliseconds
2021-05-21 08:47:05,038 Test worker DEBUG RollingFileManager executing synchronous FileRenameAction[.\tmp\log4j2\hibernate.log to .\tmp\log4j2\bak\hibernate-21-05-18-1.log, renameEmptyFiles=false]
2021-05-21 08:47:05,039 Test worker TRACE Renamed file C:\Users\user\Documents\xmldemo\.\tmp\log4j2\hibernate.log to C:\Users\user\Documents\xmldemo\.\tmp\log4j2\bak\hibernate-21-05-18-1.log with Files.move
2021-05-21 08:47:05,039 Test worker DEBUG RollingFileManager executing async CompositeAction[GzCompressAction[.\tmp\log4j2\bak\hibernate-21-05-18-1.log to .\tmp\log4j2\bak\hibernate-21-05-18-1.log.gz, deleteSource=true], DeleteAction[basePath=.\tmp\log4j2\bak, options=[], maxDepth=1, conditions=[IfFileName(glob:hibernate-*.log.gz), IfLastModified(age=P3D)]]]
2021-05-21 08:47:05,039 Test worker DEBUG Now writing to ./tmp/log4j2/hibernate.log at 2021-05-21T08:47:05.039+0800
2021-05-21 08:47:05,040 Test worker DEBUG Initializing triggering policy TimeBasedTriggeringPolicy(nextRolloverMillis=0, interval=1, modulate=true)
2021-05-21 08:47:05,041 Test worker TRACE PatternProcessor.getNextTime returning 2021/05/22-00:00:00.000, nextFileTime=2021/05/21-00:00:00.000, prevFileTime=1970/01/01-08:00:00.000, current=2021/05/21-08:47:05.040, freq=DAILY
2021-05-21 08:47:05,041 Test worker TRACE PatternProcessor.getNextTime returning 2021/05/22-00:00:00.000, nextFileTime=2021/05/21-00:00:00.000, prevFileTime=2021/05/21-00:00:00.000, current=2021/05/21-08:47:05.041, freq=DAILY
2021-05-21 08:47:05,041 Test worker DEBUG Initializing triggering policy SizeBasedTriggeringPolicy(size=3145728)
2021-05-21 08:47:05,041 Test worker DEBUG Building Plugin[name=layout, class=org.apache.logging.log4j.core.layout.PatternLayout].
2021-05-21 08:47:05,042 Log4j2-TF-2-RollingFileManager-2 DEBUG Starting DeleteAction[basePath=.\tmp\log4j2\bak, options=[], maxDepth=1, conditions=[IfFileName(glob:hibernate-*.log.gz), IfLastModified(age=P3D)]]
2021-05-21 08:47:05,042 Test worker DEBUG PatternLayout$Builder(pattern="[%d] - [%c] - [%highlight{%level}] - [%method] - [%t] - %msg%n", PatternSelector=null, Configuration(LogConfig), Replace=null, charset="null", alwaysWriteExceptions="null", disableAnsi="null", noConsoleNoAnsi="null", header="null", footer="null")
2021-05-21 08:47:05,043 Test worker DEBUG Building Plugin[name=OnStartupTriggeringPolicy, class=org.apache.logging.log4j.core.appender.rolling.OnStartupTriggeringPolicy].
2021-05-21 08:47:05,044 Test worker DEBUG createPolicy(minSize="1")
2021-05-21 08:47:05,044 Test worker DEBUG Building Plugin[name=TimeBasedTriggeringPolicy, class=org.apache.logging.log4j.core.appender.rolling.TimeBasedTriggeringPolicy].
2021-05-21 08:47:05,045 Test worker DEBUG TimeBasedTriggeringPolicy$Builder(interval="1", modulate="true", maxRandomDelay="null")
2021-05-21 08:47:05,045 Log4j2-TF-2-RollingFileManager-2 DEBUG DeleteAction complete in 0.00325 seconds
2021-05-21 08:47:05,045 Test worker DEBUG Building Plugin[name=SizeBasedTriggeringPolicy, class=org.apache.logging.log4j.core.appender.rolling.SizeBasedTriggeringPolicy].
2021-05-21 08:47:05,045 Log4j2-TF-2-RollingFileManager-2 TRACE Sorted paths:
2021-05-21 08:47:05,045 Test worker DEBUG createPolicy(size="3 MB")
2021-05-21 08:47:05,046 Test worker DEBUG Building Plugin[name=Policies, class=org.apache.logging.log4j.core.appender.rolling.CompositeTriggeringPolicy].
2021-05-21 08:47:05,046 Test worker DEBUG createPolicy(={OnStartupTriggeringPolicy, TimeBasedTriggeringPolicy(nextRolloverMillis=0, interval=1, modulate=true), SizeBasedTriggeringPolicy(size=3145728)})
2021-05-21 08:47:05,046 Test worker DEBUG Building Plugin[name=IfFileName, class=org.apache.logging.log4j.core.appender.rolling.action.IfFileName].
2021-05-21 08:47:05,047 Test worker DEBUG createNameCondition(glob="activemq-*.log.gz", regex="null", ={})
2021-05-21 08:47:05,047 Test worker DEBUG Building Plugin[name=IfLastModified, class=org.apache.logging.log4j.core.appender.rolling.action.IfLastModified].
2021-05-21 08:47:05,048 Test worker DEBUG createAgeCondition(age="P3D", ={})
2021-05-21 08:47:05,048 Test worker DEBUG Building Plugin[name=Delete, class=org.apache.logging.log4j.core.appender.rolling.action.DeleteAction].
2021-05-21 08:47:05,048 Test worker DEBUG createDeleteAction(basePath="./tmp/log4j2/bak", followLinks="false", maxDepth="1", testMode="false", PathSorter=null, ={IfFileName(glob:activemq-*.log.gz), IfLastModified(age=P3D)}, ScriptCondition=null, Configuration(LogConfig))
2021-05-21 08:47:05,049 Test worker DEBUG Building Plugin[name=DefaultRolloverStrategy, class=org.apache.logging.log4j.core.appender.rolling.DefaultRolloverStrategy].
2021-05-21 08:47:05,046 Log4j2-TF-2-RollingFileManager-2 TRACE .\tmp\log4j2\bak\hibernate-21-05-18-1.log.gz (modified: 2021-05-21T00:47:05.040728Z)
2021-05-21 08:47:05,049 Log4j2-TF-2-RollingFileManager-2 TRACE .\tmp\log4j2\bak\service-21-05-18-1.log.gz (modified: 2021-05-21T00:47:05.021779Z)
2021-05-21 08:47:05,049 Log4j2-TF-2-RollingFileManager-2 TRACE .\tmp\log4j2\bak\hibernate-21-05-19-3.log.gz (modified: 2021-05-21T00:43:01.958992Z)
2021-05-21 08:47:05,049 Test worker DEBUG DefaultRolloverStrategy$Builder(max="null", min="null", fileIndex="null", compressionLevel="null", ={DeleteAction[basePath=.\tmp\log4j2\bak, options=[], maxDepth=1, conditions=[IfFileName(glob:activemq-*.log.gz), IfLastModified(age=P3D)]]}, stopCustomActionsOnError="null", tempCompressedFilePattern="null", Configuration(LogConfig))
2021-05-21 08:47:05,049 Log4j2-TF-2-RollingFileManager-2 TRACE .\tmp\log4j2\bak\service-21-05-19-3.log.gz (modified: 2021-05-21T00:43:01.925084Z)
2021-05-21 08:47:05,050 Test worker DEBUG Building Plugin[name=appender, class=org.apache.logging.log4j.core.appender.RollingFileAppender].
2021-05-21 08:47:05,050 Log4j2-TF-2-RollingFileManager-2 TRACE .\tmp\log4j2\bak\service-21-05-19-2.log.gz (modified: 2021-05-19T01:08:38.969574Z)
2021-05-21 08:47:05,050 Log4j2-TF-2-RollingFileManager-2 TRACE .\tmp\log4j2\bak\hibernate-21-05-19-2.log.gz (modified: 2021-05-19T01:08:38.969574Z)
2021-05-21 08:47:05,050 Log4j2-TF-2-RollingFileManager-2 TRACE .\tmp\log4j2\bak\hibernate-21-05-19-1.log.gz (modified: 2021-05-19T01:06:14.421816Z)
2021-05-21 08:47:05,050 Log4j2-TF-2-RollingFileManager-2 TRACE .\tmp\log4j2\bak\service-21-05-19-1.log.gz (modified: 2021-05-19T01:06:14.40987Z)
2021-05-21 08:47:05,050 Log4j2-TF-2-RollingFileManager-2 TRACE .\tmp\log4j2\bak\service-21-05-12-9.log.gz (modified: 2021-05-19T00:56:20.223773Z)
2021-05-21 08:47:05,050 Test worker DEBUG RollingFileAppender$Builder(fileName="./tmp/log4j2/activemq.log", filePattern="./tmp/log4j2/bak/activemq-%d{yy-MM-dd}-%i.log.gz", append="null", locking="null", Policies(CompositeTriggeringPolicy(policies=[OnStartupTriggeringPolicy, TimeBasedTriggeringPolicy(nextRolloverMillis=0, interval=1, modulate=true), SizeBasedTriggeringPolicy(size=3145728)])), DefaultRolloverStrategy(DefaultRolloverStrategy(min=1, max=7, useMax=true)), advertise="null", advertiseUri="null", createOnDemand="null", filePermissions="null", fileOwner="null", fileGroup="null", bufferedIo="null", bufferSize="null", immediateFlush="null", ignoreExceptions="null", PatternLayout([%d] - [%c] - [%highlight{%level}] - [%method] - [%t] - %msg%n), name="activemq", Configuration(LogConfig), Filter=null, ={})
2021-05-21 08:47:05,050 Log4j2-TF-2-RollingFileManager-2 TRACE .\tmp\log4j2\bak\service-21-05-12-8.log.gz (modified: 2021-05-19T00:56:20.222776Z)
2021-05-21 08:47:05,050 Log4j2-TF-2-RollingFileManager-2 TRACE .\tmp\log4j2\bak\service-21-05-12-7.log.gz (modified: 2021-05-19T00:56:20.222776Z)
2021-05-21 08:47:05,050 Log4j2-TF-2-RollingFileManager-2 TRACE .\tmp\log4j2\bak\service-21-05-12-6.log.gz (modified: 2021-05-19T00:56:20.221778Z)
2021-05-21 08:47:05,050 Log4j2-TF-2-RollingFileManager-2 TRACE .\tmp\log4j2\bak\service-21-05-12-5.log.gz (modified: 2021-05-19T00:56:20.221778Z)
2021-05-21 08:47:05,051 Log4j2-TF-2-RollingFileManager-2 TRACE .\tmp\log4j2\bak\service-21-05-12-4.log.gz (modified: 2021-05-19T00:56:20.220781Z)
2021-05-21 08:47:05,051 Log4j2-TF-2-RollingFileManager-2 TRACE .\tmp\log4j2\bak\service-21-05-12-3.log.gz (modified: 2021-05-19T00:56:20.220781Z)
2021-05-21 08:47:05,051 Log4j2-TF-2-RollingFileManager-2 TRACE .\tmp\log4j2\bak\service-21-05-12-2.log.gz (modified: 2021-05-19T00:56:20.220781Z)
2021-05-21 08:47:05,051 Log4j2-TF-2-RollingFileManager-2 TRACE .\tmp\log4j2\bak\service-21-05-12-10.log.gz (modified: 2021-05-19T00:56:20.219784Z)
2021-05-21 08:47:05,051 Test worker TRACE New file './tmp/log4j2/activemq.log' created = false
2021-05-21 08:47:05,051 Log4j2-TF-2-RollingFileManager-2 TRACE .\tmp\log4j2\bak\service-21-05-12-1.log.gz (modified: 2021-05-19T00:56:20.219784Z)
2021-05-21 08:47:05,051 Log4j2-TF-2-RollingFileManager-2 TRACE .\tmp\log4j2\bak\hibernate-21-05-12-7.log.gz (modified: 2021-05-19T00:56:20.219784Z)
2021-05-21 08:47:05,051 Log4j2-TF-2-RollingFileManager-2 TRACE .\tmp\log4j2\bak\hibernate-21-05-12-6.log.gz (modified: 2021-05-19T00:56:20.218786Z)
2021-05-21 08:47:05,051 Log4j2-TF-2-RollingFileManager-2 TRACE .\tmp\log4j2\bak\hibernate-21-05-12-5.log.gz (modified: 2021-05-19T00:56:20.218786Z)
2021-05-21 08:47:05,052 Test worker DEBUG Returning file creation time for C:\Users\user\Documents\xmldemo\.\tmp\log4j2\activemq.log
2021-05-21 08:47:05,052 Log4j2-TF-2-RollingFileManager-2 TRACE .\tmp\log4j2\bak\hibernate-21-05-12-4.log.gz (modified: 2021-05-19T00:56:20.218786Z)
2021-05-21 08:47:05,052 Log4j2-TF-2-RollingFileManager-2 TRACE .\tmp\log4j2\bak\hibernate-21-05-12-3.log.gz (modified: 2021-05-19T00:56:20.217789Z)
2021-05-21 08:47:05,052 Log4j2-TF-2-RollingFileManager-2 TRACE .\tmp\log4j2\bak\hibernate-21-05-12-2.log.gz (modified: 2021-05-19T00:56:20.217789Z)
2021-05-21 08:47:05,052 Test worker DEBUG Starting RollingFileManager ./tmp/log4j2/activemq.log
2021-05-21 08:47:05,052 Log4j2-TF-2-RollingFileManager-2 TRACE .\tmp\log4j2\bak\hibernate-21-05-12-1.log.gz (modified: 2021-05-19T00:56:20.216792Z)
2021-05-21 08:47:05,052 Log4j2-TF-2-RollingFileManager-2 TRACE IfFileName ACCEPTED: 'glob:hibernate-*.log.gz' matches relative path 'hibernate-21-05-18-1.log.gz'
2021-05-21 08:47:05,052 Test worker DEBUG PluginManager 'FileConverter' found 2 plugins
2021-05-21 08:47:05,052 Log4j2-TF-2-RollingFileManager-2 TRACE IfLastModified REJECTED: hibernate-21-05-18-1.log.gz ageMillis '12' < 'P3D'
2021-05-21 08:47:05,053 Log4j2-TF-2-RollingFileManager-2 TRACE Not deleting base=.\tmp\log4j2\bak, relative=hibernate-21-05-18-1.log.gz
2021-05-21 08:47:05,053 Log4j2-TF-2-RollingFileManager-2 TRACE IfFileName REJECTED: 'glob:hibernate-*.log.gz' does not match relative path 'service-21-05-18-1.log.gz'
2021-05-21 08:47:05,053 Test worker DEBUG Setting prev file time to 2021-05-18T21:53:52.026+0800
2021-05-21 08:47:05,053 Log4j2-TF-2-RollingFileManager-2 TRACE Not deleting base=.\tmp\log4j2\bak, relative=service-21-05-18-1.log.gz
2021-05-21 08:47:05,053 Log4j2-TF-2-RollingFileManager-2 TRACE IfFileName ACCEPTED: 'glob:hibernate-*.log.gz' matches relative path 'hibernate-21-05-19-3.log.gz'
2021-05-21 08:47:05,053 Test worker DEBUG Initializing triggering policy CompositeTriggeringPolicy(policies=[OnStartupTriggeringPolicy, TimeBasedTriggeringPolicy(nextRolloverMillis=0, interval=1, modulate=true), SizeBasedTriggeringPolicy(size=3145728)])
2021-05-21 08:47:05,053 Log4j2-TF-2-RollingFileManager-2 TRACE IfLastModified REJECTED: hibernate-21-05-19-3.log.gz ageMillis '243095' < 'P3D'
2021-05-21 08:47:05,053 Log4j2-TF-2-RollingFileManager-2 TRACE Not deleting base=.\tmp\log4j2\bak, relative=hibernate-21-05-19-3.log.gz
2021-05-21 08:47:05,053 Log4j2-TF-2-RollingFileManager-2 TRACE IfFileName REJECTED: 'glob:hibernate-*.log.gz' does not match relative path 'service-21-05-19-3.log.gz'
2021-05-21 08:47:05,053 Test worker DEBUG Initializing triggering policy OnStartupTriggeringPolicy
2021-05-21 08:47:05,054 Log4j2-TF-2-RollingFileManager-2 TRACE Not deleting base=.\tmp\log4j2\bak, relative=service-21-05-19-3.log.gz
2021-05-21 08:47:05,054 Log4j2-TF-2-RollingFileManager-2 TRACE IfFileName REJECTED: 'glob:hibernate-*.log.gz' does not match relative path 'service-21-05-19-2.log.gz'
2021-05-21 08:47:05,054 Test worker DEBUG Initializing triggering policy TimeBasedTriggeringPolicy(nextRolloverMillis=0, interval=1, modulate=true)
2021-05-21 08:47:05,054 Log4j2-TF-2-RollingFileManager-2 TRACE Not deleting base=.\tmp\log4j2\bak, relative=service-21-05-19-2.log.gz
2021-05-21 08:47:05,054 Log4j2-TF-2-RollingFileManager-2 TRACE IfFileName ACCEPTED: 'glob:hibernate-*.log.gz' matches relative path 'hibernate-21-05-19-2.log.gz'
2021-05-21 08:47:05,054 Log4j2-TF-2-RollingFileManager-2 TRACE IfLastModified REJECTED: hibernate-21-05-19-2.log.gz ageMillis '171506085' < 'P3D'
2021-05-21 08:47:05,054 Log4j2-TF-2-RollingFileManager-2 TRACE Not deleting base=.\tmp\log4j2\bak, relative=hibernate-21-05-19-2.log.gz
2021-05-21 08:47:05,054 Log4j2-TF-2-RollingFileManager-2 TRACE IfFileName ACCEPTED: 'glob:hibernate-*.log.gz' matches relative path 'hibernate-21-05-19-1.log.gz'
2021-05-21 08:47:05,054 Test worker TRACE PatternProcessor.getNextTime returning 2021/05/19-00:00:00.000, nextFileTime=2021/05/18-00:00:00.000, prevFileTime=1970/01/01-08:00:00.000, current=2021/05/21-08:47:05.054, freq=DAILY
2021-05-21 08:47:05,054 Log4j2-TF-2-RollingFileManager-2 TRACE IfLastModified REJECTED: hibernate-21-05-19-1.log.gz ageMillis '171650633' < 'P3D'
2021-05-21 08:47:05,054 Log4j2-TF-2-RollingFileManager-2 TRACE Not deleting base=.\tmp\log4j2\bak, relative=hibernate-21-05-19-1.log.gz
2021-05-21 08:47:05,055 Log4j2-TF-2-RollingFileManager-2 TRACE IfFileName REJECTED: 'glob:hibernate-*.log.gz' does not match relative path 'service-21-05-19-1.log.gz'
2021-05-21 08:47:05,055 Log4j2-TF-2-RollingFileManager-2 TRACE Not deleting base=.\tmp\log4j2\bak, relative=service-21-05-19-1.log.gz
2021-05-21 08:47:05,055 Test worker TRACE PatternProcessor.getNextTime returning 2021/05/19-00:00:00.000, nextFileTime=2021/05/18-00:00:00.000, prevFileTime=2021/05/18-00:00:00.000, current=2021/05/21-08:47:05.055, freq=DAILY
2021-05-21 08:47:05,055 Log4j2-TF-2-RollingFileManager-2 TRACE IfFileName REJECTED: 'glob:hibernate-*.log.gz' does not match relative path 'service-21-05-12-9.log.gz'
2021-05-21 08:47:05,055 Log4j2-TF-2-RollingFileManager-2 TRACE Not deleting base=.\tmp\log4j2\bak, relative=service-21-05-12-9.log.gz
2021-05-21 08:47:05,055 Log4j2-TF-2-RollingFileManager-2 TRACE IfFileName REJECTED: 'glob:hibernate-*.log.gz' does not match relative path 'service-21-05-12-8.log.gz'
2021-05-21 08:47:05,055 Test worker DEBUG Initializing triggering policy SizeBasedTriggeringPolicy(size=3145728)
2021-05-21 08:47:05,055 Log4j2-TF-2-RollingFileManager-2 TRACE Not deleting base=.\tmp\log4j2\bak, relative=service-21-05-12-8.log.gz
2021-05-21 08:47:05,055 Log4j2-TF-2-RollingFileManager-2 TRACE IfFileName REJECTED: 'glob:hibernate-*.log.gz' does not match relative path 'service-21-05-12-7.log.gz'
2021-05-21 08:47:05,055 Test worker DEBUG Building Plugin[name=layout, class=org.apache.logging.log4j.core.layout.PatternLayout].
2021-05-21 08:47:05,055 Log4j2-TF-2-RollingFileManager-2 TRACE Not deleting base=.\tmp\log4j2\bak, relative=service-21-05-12-7.log.gz
2021-05-21 08:47:05,056 Log4j2-TF-2-RollingFileManager-2 TRACE IfFileName REJECTED: 'glob:hibernate-*.log.gz' does not match relative path 'service-21-05-12-6.log.gz'
2021-05-21 08:47:05,056 Log4j2-TF-2-RollingFileManager-2 TRACE Not deleting base=.\tmp\log4j2\bak, relative=service-21-05-12-6.log.gz
2021-05-21 08:47:05,056 Log4j2-TF-2-RollingFileManager-2 TRACE IfFileName REJECTED: 'glob:hibernate-*.log.gz' does not match relative path 'service-21-05-12-5.log.gz'
2021-05-21 08:47:05,056 Test worker DEBUG PatternLayout$Builder(pattern="[%d] - [%c] - [%highlight{%level}] - [%method] - [%t] - %msg%n", PatternSelector=null, Configuration(LogConfig), Replace=null, charset="null", alwaysWriteExceptions="null", disableAnsi="null", noConsoleNoAnsi="null", header="null", footer="null")
2021-05-21 08:47:05,056 Log4j2-TF-2-RollingFileManager-2 TRACE Not deleting base=.\tmp\log4j2\bak, relative=service-21-05-12-5.log.gz
2021-05-21 08:47:05,056 Log4j2-TF-2-RollingFileManager-2 TRACE IfFileName REJECTED: 'glob:hibernate-*.log.gz' does not match relative path 'service-21-05-12-4.log.gz'
2021-05-21 08:47:05,056 Log4j2-TF-2-RollingFileManager-2 TRACE Not deleting base=.\tmp\log4j2\bak, relative=service-21-05-12-4.log.gz
2021-05-21 08:47:05,057 Log4j2-TF-2-RollingFileManager-2 TRACE IfFileName REJECTED: 'glob:hibernate-*.log.gz' does not match relative path 'service-21-05-12-3.log.gz'
2021-05-21 08:47:05,057 Log4j2-TF-2-RollingFileManager-2 TRACE Not deleting base=.\tmp\log4j2\bak, relative=service-21-05-12-3.log.gz
2021-05-21 08:47:05,057 Test worker DEBUG Building Plugin[name=OnStartupTriggeringPolicy, class=org.apache.logging.log4j.core.appender.rolling.OnStartupTriggeringPolicy].
2021-05-21 08:47:05,057 Log4j2-TF-2-RollingFileManager-2 TRACE IfFileName REJECTED: 'glob:hibernate-*.log.gz' does not match relative path 'service-21-05-12-2.log.gz'
2021-05-21 08:47:05,057 Log4j2-TF-2-RollingFileManager-2 TRACE Not deleting base=.\tmp\log4j2\bak, relative=service-21-05-12-2.log.gz
2021-05-21 08:47:05,057 Log4j2-TF-2-RollingFileManager-2 TRACE IfFileName REJECTED: 'glob:hibernate-*.log.gz' does not match relative path 'service-21-05-12-10.log.gz'
2021-05-21 08:47:05,057 Log4j2-TF-2-RollingFileManager-2 TRACE Not deleting base=.\tmp\log4j2\bak, relative=service-21-05-12-10.log.gz
2021-05-21 08:47:05,057 Test worker DEBUG createPolicy(minSize="1")
2021-05-21 08:47:05,057 Log4j2-TF-2-RollingFileManager-2 TRACE IfFileName REJECTED: 'glob:hibernate-*.log.gz' does not match relative path 'service-21-05-12-1.log.gz'
2021-05-21 08:47:05,058 Log4j2-TF-2-RollingFileManager-2 TRACE Not deleting base=.\tmp\log4j2\bak, relative=service-21-05-12-1.log.gz
2021-05-21 08:47:05,058 Test worker DEBUG Building Plugin[name=TimeBasedTriggeringPolicy, class=org.apache.logging.log4j.core.appender.rolling.TimeBasedTriggeringPolicy].
2021-05-21 08:47:05,058 Log4j2-TF-2-RollingFileManager-2 TRACE IfFileName ACCEPTED: 'glob:hibernate-*.log.gz' matches relative path 'hibernate-21-05-12-7.log.gz'
2021-05-21 08:47:05,058 Log4j2-TF-2-RollingFileManager-2 TRACE IfLastModified REJECTED: hibernate-21-05-12-7.log.gz ageMillis '172244839' < 'P3D'
2021-05-21 08:47:05,058 Test worker DEBUG TimeBasedTriggeringPolicy$Builder(interval="1", modulate="true", maxRandomDelay="null")
2021-05-21 08:47:05,059 Log4j2-TF-2-RollingFileManager-2 TRACE Not deleting base=.\tmp\log4j2\bak, relative=hibernate-21-05-12-7.log.gz
2021-05-21 08:47:05,059 Test worker DEBUG Building Plugin[name=SizeBasedTriggeringPolicy, class=org.apache.logging.log4j.core.appender.rolling.SizeBasedTriggeringPolicy].
2021-05-21 08:47:05,059 Log4j2-TF-2-RollingFileManager-2 TRACE IfFileName ACCEPTED: 'glob:hibernate-*.log.gz' matches relative path 'hibernate-21-05-12-6.log.gz'
2021-05-21 08:47:05,059 Log4j2-TF-2-RollingFileManager-2 TRACE IfLastModified REJECTED: hibernate-21-05-12-6.log.gz ageMillis '172244841' < 'P3D'
2021-05-21 08:47:05,059 Test worker DEBUG createPolicy(size="3 MB")
2021-05-21 08:47:05,059 Log4j2-TF-2-RollingFileManager-2 TRACE Not deleting base=.\tmp\log4j2\bak, relative=hibernate-21-05-12-6.log.gz
2021-05-21 08:47:05,059 Log4j2-TF-2-RollingFileManager-2 TRACE IfFileName ACCEPTED: 'glob:hibernate-*.log.gz' matches relative path 'hibernate-21-05-12-5.log.gz'
2021-05-21 08:47:05,060 Log4j2-TF-2-RollingFileManager-2 TRACE IfLastModified REJECTED: hibernate-21-05-12-5.log.gz ageMillis '172244842' < 'P3D'
2021-05-21 08:47:05,060 Test worker DEBUG Building Plugin[name=Policies, class=org.apache.logging.log4j.core.appender.rolling.CompositeTriggeringPolicy].
2021-05-21 08:47:05,060 Log4j2-TF-2-RollingFileManager-2 TRACE Not deleting base=.\tmp\log4j2\bak, relative=hibernate-21-05-12-5.log.gz
2021-05-21 08:47:05,060 Log4j2-TF-2-RollingFileManager-2 TRACE IfFileName ACCEPTED: 'glob:hibernate-*.log.gz' matches relative path 'hibernate-21-05-12-4.log.gz'
2021-05-21 08:47:05,060 Test worker DEBUG createPolicy(={OnStartupTriggeringPolicy, TimeBasedTriggeringPolicy(nextRolloverMillis=0, interval=1, modulate=true), SizeBasedTriggeringPolicy(size=3145728)})
2021-05-21 08:47:05,060 Log4j2-TF-2-RollingFileManager-2 TRACE IfLastModified REJECTED: hibernate-21-05-12-4.log.gz ageMillis '172244842' < 'P3D'
2021-05-21 08:47:05,060 Log4j2-TF-2-RollingFileManager-2 TRACE Not deleting base=.\tmp\log4j2\bak, relative=hibernate-21-05-12-4.log.gz
2021-05-21 08:47:05,060 Test worker DEBUG Building Plugin[name=IfFileName, class=org.apache.logging.log4j.core.appender.rolling.action.IfFileName].
2021-05-21 08:47:05,061 Log4j2-TF-2-RollingFileManager-2 TRACE IfFileName ACCEPTED: 'glob:hibernate-*.log.gz' matches relative path 'hibernate-21-05-12-3.log.gz'
2021-05-21 08:47:05,061 Log4j2-TF-2-RollingFileManager-2 TRACE IfLastModified REJECTED: hibernate-21-05-12-3.log.gz ageMillis '172244844' < 'P3D'
2021-05-21 08:47:05,061 Log4j2-TF-2-RollingFileManager-2 TRACE Not deleting base=.\tmp\log4j2\bak, relative=hibernate-21-05-12-3.log.gz
2021-05-21 08:47:05,061 Test worker DEBUG createNameCondition(glob="quartz-*.log.gz", regex="null", ={})
2021-05-21 08:47:05,061 Log4j2-TF-2-RollingFileManager-2 TRACE IfFileName ACCEPTED: 'glob:hibernate-*.log.gz' matches relative path 'hibernate-21-05-12-2.log.gz'
2021-05-21 08:47:05,061 Test worker DEBUG Building Plugin[name=IfLastModified, class=org.apache.logging.log4j.core.appender.rolling.action.IfLastModified].
2021-05-21 08:47:05,061 Log4j2-TF-2-RollingFileManager-2 TRACE IfLastModified REJECTED: hibernate-21-05-12-2.log.gz ageMillis '172244844' < 'P3D'
2021-05-21 08:47:05,062 Log4j2-TF-2-RollingFileManager-2 TRACE Not deleting base=.\tmp\log4j2\bak, relative=hibernate-21-05-12-2.log.gz
2021-05-21 08:47:05,062 Test worker DEBUG createAgeCondition(age="P3D", ={})
2021-05-21 08:47:05,062 Log4j2-TF-2-RollingFileManager-2 TRACE IfFileName ACCEPTED: 'glob:hibernate-*.log.gz' matches relative path 'hibernate-21-05-12-1.log.gz'
2021-05-21 08:47:05,062 Test worker DEBUG Building Plugin[name=Delete, class=org.apache.logging.log4j.core.appender.rolling.action.DeleteAction].
2021-05-21 08:47:05,062 Log4j2-TF-2-RollingFileManager-2 TRACE IfLastModified REJECTED: hibernate-21-05-12-1.log.gz ageMillis '172244846' < 'P3D'
2021-05-21 08:47:05,062 Log4j2-TF-2-RollingFileManager-2 TRACE Not deleting base=.\tmp\log4j2\bak, relative=hibernate-21-05-12-1.log.gz
2021-05-21 08:47:05,063 Test worker DEBUG createDeleteAction(basePath="./tmp/log4j2/bak", followLinks="false", maxDepth="1", testMode="false", PathSorter=null, ={IfFileName(glob:quartz-*.log.gz), IfLastModified(age=P3D)}, ScriptCondition=null, Configuration(LogConfig))
2021-05-21 08:47:05,063 Test worker DEBUG Building Plugin[name=DefaultRolloverStrategy, class=org.apache.logging.log4j.core.appender.rolling.DefaultRolloverStrategy].
2021-05-21 08:47:05,064 Test worker DEBUG DefaultRolloverStrategy$Builder(max="null", min="null", fileIndex="null", compressionLevel="null", ={DeleteAction[basePath=.\tmp\log4j2\bak, options=[], maxDepth=1, conditions=[IfFileName(glob:quartz-*.log.gz), IfLastModified(age=P3D)]]}, stopCustomActionsOnError="null", tempCompressedFilePattern="null", Configuration(LogConfig))
2021-05-21 08:47:05,064 Test worker DEBUG Building Plugin[name=appender, class=org.apache.logging.log4j.core.appender.RollingFileAppender].
2021-05-21 08:47:05,064 Test worker DEBUG RollingFileAppender$Builder(fileName="./tmp/log4j2/quartz.log", filePattern="./tmp/log4j2/bak/quartz-%d{yy-MM-dd}-%i.log.gz", append="null", locking="null", Policies(CompositeTriggeringPolicy(policies=[OnStartupTriggeringPolicy, TimeBasedTriggeringPolicy(nextRolloverMillis=0, interval=1, modulate=true), SizeBasedTriggeringPolicy(size=3145728)])), DefaultRolloverStrategy(DefaultRolloverStrategy(min=1, max=7, useMax=true)), advertise="null", advertiseUri="null", createOnDemand="null", filePermissions="null", fileOwner="null", fileGroup="null", bufferedIo="null", bufferSize="null", immediateFlush="null", ignoreExceptions="null", PatternLayout([%d] - [%c] - [%highlight{%level}] - [%method] - [%t] - %msg%n), name="quartz", Configuration(LogConfig), Filter=null, ={})
2021-05-21 08:47:05,065 Test worker TRACE New file './tmp/log4j2/quartz.log' created = false
2021-05-21 08:47:05,066 Test worker DEBUG Returning file creation time for C:\Users\user\Documents\xmldemo\.\tmp\log4j2\quartz.log
2021-05-21 08:47:05,066 Test worker DEBUG Starting RollingFileManager ./tmp/log4j2/quartz.log
2021-05-21 08:47:05,066 Test worker DEBUG PluginManager 'FileConverter' found 2 plugins
2021-05-21 08:47:05,067 Test worker DEBUG Setting prev file time to 2021-05-18T21:53:52.034+0800
2021-05-21 08:47:05,067 Test worker DEBUG Initializing triggering policy CompositeTriggeringPolicy(policies=[OnStartupTriggeringPolicy, TimeBasedTriggeringPolicy(nextRolloverMillis=0, interval=1, modulate=true), SizeBasedTriggeringPolicy(size=3145728)])
2021-05-21 08:47:05,067 Test worker DEBUG Initializing triggering policy OnStartupTriggeringPolicy
2021-05-21 08:47:05,067 Test worker DEBUG Initializing triggering policy TimeBasedTriggeringPolicy(nextRolloverMillis=0, interval=1, modulate=true)
2021-05-21 08:47:05,068 Test worker TRACE PatternProcessor.getNextTime returning 2021/05/19-00:00:00.000, nextFileTime=2021/05/18-00:00:00.000, prevFileTime=1970/01/01-08:00:00.000, current=2021/05/21-08:47:05.068, freq=DAILY
2021-05-21 08:47:05,068 Test worker TRACE PatternProcessor.getNextTime returning 2021/05/19-00:00:00.000, nextFileTime=2021/05/18-00:00:00.000, prevFileTime=2021/05/18-00:00:00.000, current=2021/05/21-08:47:05.068, freq=DAILY
2021-05-21 08:47:05,068 Test worker DEBUG Initializing triggering policy SizeBasedTriggeringPolicy(size=3145728)
2021-05-21 08:47:05,068 Test worker DEBUG Building Plugin[name=layout, class=org.apache.logging.log4j.core.layout.PatternLayout].
2021-05-21 08:47:05,069 Test worker DEBUG PatternLayout$Builder(pattern="[%d] - [%c] - [%highlight{%level}] - [%method] - [%t] - %msg%n", PatternSelector=null, Configuration(LogConfig), Replace=null, charset="null", alwaysWriteExceptions="null", disableAnsi="null", noConsoleNoAnsi="null", header="null", footer="null")
2021-05-21 08:47:05,069 Test worker DEBUG Building Plugin[name=OnStartupTriggeringPolicy, class=org.apache.logging.log4j.core.appender.rolling.OnStartupTriggeringPolicy].
2021-05-21 08:47:05,070 Test worker DEBUG createPolicy(minSize="1")
2021-05-21 08:47:05,070 Test worker DEBUG Building Plugin[name=TimeBasedTriggeringPolicy, class=org.apache.logging.log4j.core.appender.rolling.TimeBasedTriggeringPolicy].
2021-05-21 08:47:05,070 Test worker DEBUG TimeBasedTriggeringPolicy$Builder(interval="1", modulate="true", maxRandomDelay="null")
2021-05-21 08:47:05,070 Test worker DEBUG Building Plugin[name=SizeBasedTriggeringPolicy, class=org.apache.logging.log4j.core.appender.rolling.SizeBasedTriggeringPolicy].
2021-05-21 08:47:05,071 Test worker DEBUG createPolicy(size="3 MB")
2021-05-21 08:47:05,072 Test worker DEBUG Building Plugin[name=Policies, class=org.apache.logging.log4j.core.appender.rolling.CompositeTriggeringPolicy].
2021-05-21 08:47:05,072 Test worker DEBUG createPolicy(={OnStartupTriggeringPolicy, TimeBasedTriggeringPolicy(nextRolloverMillis=0, interval=1, modulate=true), SizeBasedTriggeringPolicy(size=3145728)})
2021-05-21 08:47:05,072 Test worker DEBUG Building Plugin[name=IfFileName, class=org.apache.logging.log4j.core.appender.rolling.action.IfFileName].
2021-05-21 08:47:05,073 Test worker DEBUG createNameCondition(glob="broker-*.log.gz", regex="null", ={})
2021-05-21 08:47:05,073 Test worker DEBUG Building Plugin[name=IfLastModified, class=org.apache.logging.log4j.core.appender.rolling.action.IfLastModified].
2021-05-21 08:47:05,074 Test worker DEBUG createAgeCondition(age="P3D", ={})
2021-05-21 08:47:05,074 Test worker DEBUG Building Plugin[name=Delete, class=org.apache.logging.log4j.core.appender.rolling.action.DeleteAction].
2021-05-21 08:47:05,075 Test worker DEBUG createDeleteAction(basePath="./tmp/log4j2/bak", followLinks="false", maxDepth="1", testMode="false", PathSorter=null, ={IfFileName(glob:broker-*.log.gz), IfLastModified(age=P3D)}, ScriptCondition=null, Configuration(LogConfig))
2021-05-21 08:47:05,075 Test worker DEBUG Building Plugin[name=DefaultRolloverStrategy, class=org.apache.logging.log4j.core.appender.rolling.DefaultRolloverStrategy].
2021-05-21 08:47:05,076 Test worker DEBUG DefaultRolloverStrategy$Builder(max="null", min="null", fileIndex="null", compressionLevel="null", ={DeleteAction[basePath=.\tmp\log4j2\bak, options=[], maxDepth=1, conditions=[IfFileName(glob:broker-*.log.gz), IfLastModified(age=P3D)]]}, stopCustomActionsOnError="null", tempCompressedFilePattern="null", Configuration(LogConfig))
2021-05-21 08:47:05,077 Test worker DEBUG Building Plugin[name=appender, class=org.apache.logging.log4j.core.appender.RollingFileAppender].
2021-05-21 08:47:05,078 Test worker DEBUG RollingFileAppender$Builder(fileName="./tmp/log4j2/broker.log", filePattern="./tmp/log4j2/bak/broker-%d{yy-MM-dd}-%i.log.gz", append="null", locking="null", Policies(CompositeTriggeringPolicy(policies=[OnStartupTriggeringPolicy, TimeBasedTriggeringPolicy(nextRolloverMillis=0, interval=1, modulate=true), SizeBasedTriggeringPolicy(size=3145728)])), DefaultRolloverStrategy(DefaultRolloverStrategy(min=1, max=7, useMax=true)), advertise="null", advertiseUri="null", createOnDemand="null", filePermissions="null", fileOwner="null", fileGroup="null", bufferedIo="null", bufferSize="null", immediateFlush="null", ignoreExceptions="null", PatternLayout([%d] - [%c] - [%highlight{%level}] - [%method] - [%t] - %msg%n), name="broker", Configuration(LogConfig), Filter=null, ={})
2021-05-21 08:47:05,079 Test worker TRACE New file './tmp/log4j2/broker.log' created = false
2021-05-21 08:47:05,080 Test worker DEBUG Returning file creation time for C:\Users\user\Documents\xmldemo\.\tmp\log4j2\broker.log
2021-05-21 08:47:05,080 Test worker DEBUG Starting RollingFileManager ./tmp/log4j2/broker.log
2021-05-21 08:47:05,080 Test worker DEBUG PluginManager 'FileConverter' found 2 plugins
2021-05-21 08:47:05,080 Test worker DEBUG Setting prev file time to 2021-05-18T21:53:52.028+0800
2021-05-21 08:47:05,081 Test worker DEBUG Initializing triggering policy CompositeTriggeringPolicy(policies=[OnStartupTriggeringPolicy, TimeBasedTriggeringPolicy(nextRolloverMillis=0, interval=1, modulate=true), SizeBasedTriggeringPolicy(size=3145728)])
2021-05-21 08:47:05,081 Test worker DEBUG Initializing triggering policy OnStartupTriggeringPolicy
2021-05-21 08:47:05,081 Test worker DEBUG Initializing triggering policy TimeBasedTriggeringPolicy(nextRolloverMillis=0, interval=1, modulate=true)
2021-05-21 08:47:05,081 Test worker TRACE PatternProcessor.getNextTime returning 2021/05/19-00:00:00.000, nextFileTime=2021/05/18-00:00:00.000, prevFileTime=1970/01/01-08:00:00.000, current=2021/05/21-08:47:05.081, freq=DAILY
2021-05-21 08:47:05,082 Test worker TRACE PatternProcessor.getNextTime returning 2021/05/19-00:00:00.000, nextFileTime=2021/05/18-00:00:00.000, prevFileTime=2021/05/18-00:00:00.000, current=2021/05/21-08:47:05.082, freq=DAILY
2021-05-21 08:47:05,082 Test worker DEBUG Initializing triggering policy SizeBasedTriggeringPolicy(size=3145728)
2021-05-21 08:47:05,082 Test worker DEBUG Building Plugin[name=layout, class=org.apache.logging.log4j.core.layout.PatternLayout].
2021-05-21 08:47:05,083 Test worker DEBUG PatternLayout$Builder(pattern="[%d] - [%c] - [%highlight{%level}] - [%method] - [%t] - %msg%n", PatternSelector=null, Configuration(LogConfig), Replace=null, charset="null", alwaysWriteExceptions="null", disableAnsi="null", noConsoleNoAnsi="null", header="null", footer="null")
2021-05-21 08:47:05,083 Test worker DEBUG Building Plugin[name=OnStartupTriggeringPolicy, class=org.apache.logging.log4j.core.appender.rolling.OnStartupTriggeringPolicy].
2021-05-21 08:47:05,083 Test worker DEBUG createPolicy(minSize="1")
2021-05-21 08:47:05,084 Test worker DEBUG Building Plugin[name=TimeBasedTriggeringPolicy, class=org.apache.logging.log4j.core.appender.rolling.TimeBasedTriggeringPolicy].
2021-05-21 08:47:05,084 Test worker DEBUG TimeBasedTriggeringPolicy$Builder(interval="1", modulate="true", maxRandomDelay="null")
2021-05-21 08:47:05,084 Test worker DEBUG Building Plugin[name=SizeBasedTriggeringPolicy, class=org.apache.logging.log4j.core.appender.rolling.SizeBasedTriggeringPolicy].
2021-05-21 08:47:05,085 Test worker DEBUG createPolicy(size="3 MB")
2021-05-21 08:47:05,085 Test worker DEBUG Building Plugin[name=Policies, class=org.apache.logging.log4j.core.appender.rolling.CompositeTriggeringPolicy].
2021-05-21 08:47:05,085 Test worker DEBUG createPolicy(={OnStartupTriggeringPolicy, TimeBasedTriggeringPolicy(nextRolloverMillis=0, interval=1, modulate=true), SizeBasedTriggeringPolicy(size=3145728)})
2021-05-21 08:47:05,086 Test worker DEBUG Building Plugin[name=IfFileName, class=org.apache.logging.log4j.core.appender.rolling.action.IfFileName].
2021-05-21 08:47:05,086 Test worker DEBUG createNameCondition(glob="producer-*.log.gz", regex="null", ={})
2021-05-21 08:47:05,087 Test worker DEBUG Building Plugin[name=IfLastModified, class=org.apache.logging.log4j.core.appender.rolling.action.IfLastModified].
2021-05-21 08:47:05,087 Test worker DEBUG createAgeCondition(age="P3D", ={})
2021-05-21 08:47:05,087 Test worker DEBUG Building Plugin[name=Delete, class=org.apache.logging.log4j.core.appender.rolling.action.DeleteAction].
2021-05-21 08:47:05,088 Test worker DEBUG createDeleteAction(basePath="./tmp/log4j2/bak", followLinks="false", maxDepth="1", testMode="false", PathSorter=null, ={IfFileName(glob:producer-*.log.gz), IfLastModified(age=P3D)}, ScriptCondition=null, Configuration(LogConfig))
2021-05-21 08:47:05,088 Test worker DEBUG Building Plugin[name=DefaultRolloverStrategy, class=org.apache.logging.log4j.core.appender.rolling.DefaultRolloverStrategy].
2021-05-21 08:47:05,088 Test worker DEBUG DefaultRolloverStrategy$Builder(max="null", min="null", fileIndex="null", compressionLevel="null", ={DeleteAction[basePath=.\tmp\log4j2\bak, options=[], maxDepth=1, conditions=[IfFileName(glob:producer-*.log.gz), IfLastModified(age=P3D)]]}, stopCustomActionsOnError="null", tempCompressedFilePattern="null", Configuration(LogConfig))
2021-05-21 08:47:05,089 Test worker DEBUG Building Plugin[name=appender, class=org.apache.logging.log4j.core.appender.RollingFileAppender].
2021-05-21 08:47:05,090 Test worker DEBUG RollingFileAppender$Builder(fileName="./tmp/log4j2/producer.log", filePattern="./tmp/log4j2/bak/producer-%d{yy-MM-dd}-%i.log.gz", append="null", locking="null", Policies(CompositeTriggeringPolicy(policies=[OnStartupTriggeringPolicy, TimeBasedTriggeringPolicy(nextRolloverMillis=0, interval=1, modulate=true), SizeBasedTriggeringPolicy(size=3145728)])), DefaultRolloverStrategy(DefaultRolloverStrategy(min=1, max=7, useMax=true)), advertise="null", advertiseUri="null", createOnDemand="null", filePermissions="null", fileOwner="null", fileGroup="null", bufferedIo="null", bufferSize="null", immediateFlush="null", ignoreExceptions="null", PatternLayout([%d] - [%c] - [%highlight{%level}] - [%method] - [%t] - %msg%n), name="producer", Configuration(LogConfig), Filter=null, ={})
2021-05-21 08:47:05,091 Test worker TRACE New file './tmp/log4j2/producer.log' created = false
2021-05-21 08:47:05,093 Test worker DEBUG Returning file creation time for C:\Users\user\Documents\xmldemo\.\tmp\log4j2\producer.log
2021-05-21 08:47:05,093 Test worker DEBUG Starting RollingFileManager ./tmp/log4j2/producer.log
2021-05-21 08:47:05,093 Test worker DEBUG PluginManager 'FileConverter' found 2 plugins
2021-05-21 08:47:05,094 Test worker DEBUG Setting prev file time to 2021-05-18T21:53:52.032+0800
2021-05-21 08:47:05,094 Test worker DEBUG Initializing triggering policy CompositeTriggeringPolicy(policies=[OnStartupTriggeringPolicy, TimeBasedTriggeringPolicy(nextRolloverMillis=0, interval=1, modulate=true), SizeBasedTriggeringPolicy(size=3145728)])
2021-05-21 08:47:05,094 Test worker DEBUG Initializing triggering policy OnStartupTriggeringPolicy
2021-05-21 08:47:05,094 Test worker DEBUG Initializing triggering policy TimeBasedTriggeringPolicy(nextRolloverMillis=0, interval=1, modulate=true)
2021-05-21 08:47:05,095 Test worker TRACE PatternProcessor.getNextTime returning 2021/05/19-00:00:00.000, nextFileTime=2021/05/18-00:00:00.000, prevFileTime=1970/01/01-08:00:00.000, current=2021/05/21-08:47:05.094, freq=DAILY
2021-05-21 08:47:05,095 Test worker TRACE PatternProcessor.getNextTime returning 2021/05/19-00:00:00.000, nextFileTime=2021/05/18-00:00:00.000, prevFileTime=2021/05/18-00:00:00.000, current=2021/05/21-08:47:05.095, freq=DAILY
2021-05-21 08:47:05,095 Test worker DEBUG Initializing triggering policy SizeBasedTriggeringPolicy(size=3145728)
2021-05-21 08:47:05,095 Test worker DEBUG Building Plugin[name=layout, class=org.apache.logging.log4j.core.layout.PatternLayout].
2021-05-21 08:47:05,096 Test worker DEBUG PatternLayout$Builder(pattern="[%d] - [%c] - [%highlight{%level}] - [%method] - [%t] - %msg%n", PatternSelector=null, Configuration(LogConfig), Replace=null, charset="null", alwaysWriteExceptions="null", disableAnsi="null", noConsoleNoAnsi="null", header="null", footer="null")
2021-05-21 08:47:05,097 Test worker DEBUG Building Plugin[name=OnStartupTriggeringPolicy, class=org.apache.logging.log4j.core.appender.rolling.OnStartupTriggeringPolicy].
2021-05-21 08:47:05,097 Test worker DEBUG createPolicy(minSize="1")
2021-05-21 08:47:05,097 Test worker DEBUG Building Plugin[name=TimeBasedTriggeringPolicy, class=org.apache.logging.log4j.core.appender.rolling.TimeBasedTriggeringPolicy].
2021-05-21 08:47:05,098 Test worker DEBUG TimeBasedTriggeringPolicy$Builder(interval="1", modulate="true", maxRandomDelay="null")
2021-05-21 08:47:05,098 Test worker DEBUG Building Plugin[name=SizeBasedTriggeringPolicy, class=org.apache.logging.log4j.core.appender.rolling.SizeBasedTriggeringPolicy].
2021-05-21 08:47:05,098 Test worker DEBUG createPolicy(size="3 MB")
2021-05-21 08:47:05,099 Test worker DEBUG Building Plugin[name=Policies, class=org.apache.logging.log4j.core.appender.rolling.CompositeTriggeringPolicy].
2021-05-21 08:47:05,099 Test worker DEBUG createPolicy(={OnStartupTriggeringPolicy, TimeBasedTriggeringPolicy(nextRolloverMillis=0, interval=1, modulate=true), SizeBasedTriggeringPolicy(size=3145728)})
2021-05-21 08:47:05,099 Test worker DEBUG Building Plugin[name=IfFileName, class=org.apache.logging.log4j.core.appender.rolling.action.IfFileName].
2021-05-21 08:47:05,100 Test worker DEBUG createNameCondition(glob="producer-*.log.gz", regex="null", ={})
2021-05-21 08:47:05,100 Test worker DEBUG Building Plugin[name=IfLastModified, class=org.apache.logging.log4j.core.appender.rolling.action.IfLastModified].
2021-05-21 08:47:05,100 Test worker DEBUG createAgeCondition(age="P3D", ={})
2021-05-21 08:47:05,101 Test worker DEBUG Building Plugin[name=Delete, class=org.apache.logging.log4j.core.appender.rolling.action.DeleteAction].
2021-05-21 08:47:05,101 Test worker DEBUG createDeleteAction(basePath="./tmp/log4j2/bak", followLinks="false", maxDepth="1", testMode="false", PathSorter=null, ={IfFileName(glob:producer-*.log.gz), IfLastModified(age=P3D)}, ScriptCondition=null, Configuration(LogConfig))
2021-05-21 08:47:05,101 Test worker DEBUG Building Plugin[name=DefaultRolloverStrategy, class=org.apache.logging.log4j.core.appender.rolling.DefaultRolloverStrategy].
2021-05-21 08:47:05,102 Test worker DEBUG DefaultRolloverStrategy$Builder(max="null", min="null", fileIndex="null", compressionLevel="null", ={DeleteAction[basePath=.\tmp\log4j2\bak, options=[], maxDepth=1, conditions=[IfFileName(glob:producer-*.log.gz), IfLastModified(age=P3D)]]}, stopCustomActionsOnError="null", tempCompressedFilePattern="null", Configuration(LogConfig))
2021-05-21 08:47:05,102 Test worker DEBUG Building Plugin[name=appender, class=org.apache.logging.log4j.core.appender.RollingFileAppender].
2021-05-21 08:47:05,103 Test worker DEBUG RollingFileAppender$Builder(fileName="./tmp/log4j2/consumer.log", filePattern="./tmp/log4j2/bak/consumer-%d{yy-MM-dd}-%i.log.gz", append="null", locking="null", Policies(CompositeTriggeringPolicy(policies=[OnStartupTriggeringPolicy, TimeBasedTriggeringPolicy(nextRolloverMillis=0, interval=1, modulate=true), SizeBasedTriggeringPolicy(size=3145728)])), DefaultRolloverStrategy(DefaultRolloverStrategy(min=1, max=7, useMax=true)), advertise="null", advertiseUri="null", createOnDemand="null", filePermissions="null", fileOwner="null", fileGroup="null", bufferedIo="null", bufferSize="null", immediateFlush="null", ignoreExceptions="null", PatternLayout([%d] - [%c] - [%highlight{%level}] - [%method] - [%t] - %msg%n), name="consumer", Configuration(LogConfig), Filter=null, ={})
2021-05-21 08:47:05,103 Test worker TRACE New file './tmp/log4j2/consumer.log' created = false
2021-05-21 08:47:05,104 Test worker DEBUG Returning file creation time for C:\Users\user\Documents\xmldemo\.\tmp\log4j2\consumer.log
2021-05-21 08:47:05,104 Test worker DEBUG Starting RollingFileManager ./tmp/log4j2/consumer.log
2021-05-21 08:47:05,104 Test worker DEBUG PluginManager 'FileConverter' found 2 plugins
2021-05-21 08:47:05,105 Test worker DEBUG Setting prev file time to 2021-05-18T21:53:52.029+0800
2021-05-21 08:47:05,105 Test worker DEBUG Initializing triggering policy CompositeTriggeringPolicy(policies=[OnStartupTriggeringPolicy, TimeBasedTriggeringPolicy(nextRolloverMillis=0, interval=1, modulate=true), SizeBasedTriggeringPolicy(size=3145728)])
2021-05-21 08:47:05,106 Test worker DEBUG Initializing triggering policy OnStartupTriggeringPolicy
2021-05-21 08:47:05,107 Test worker DEBUG Initializing triggering policy TimeBasedTriggeringPolicy(nextRolloverMillis=0, interval=1, modulate=true)
2021-05-21 08:47:05,108 Test worker TRACE PatternProcessor.getNextTime returning 2021/05/19-00:00:00.000, nextFileTime=2021/05/18-00:00:00.000, prevFileTime=1970/01/01-08:00:00.000, current=2021/05/21-08:47:05.108, freq=DAILY
2021-05-21 08:47:05,109 Test worker TRACE PatternProcessor.getNextTime returning 2021/05/19-00:00:00.000, nextFileTime=2021/05/18-00:00:00.000, prevFileTime=2021/05/18-00:00:00.000, current=2021/05/21-08:47:05.109, freq=DAILY
2021-05-21 08:47:05,109 Test worker DEBUG Initializing triggering policy SizeBasedTriggeringPolicy(size=3145728)
2021-05-21 08:47:05,109 Test worker DEBUG Building Plugin[name=appenders, class=org.apache.logging.log4j.core.config.AppendersPlugin].
2021-05-21 08:47:05,110 Test worker DEBUG createAppenders(={stdout, service, hibernate, activemq, quartz, broker, producer, consumer})
2021-05-21 08:47:05,110 Test worker DEBUG Building Plugin[name=AppenderRef, class=org.apache.logging.log4j.core.config.AppenderRef].
2021-05-21 08:47:05,111 Test worker DEBUG createAppenderRef(ref="activemq", level="null", Filter=null)
2021-05-21 08:47:05,111 Test worker DEBUG Building Plugin[name=AppenderRef, class=org.apache.logging.log4j.core.config.AppenderRef].
2021-05-21 08:47:05,111 Test worker DEBUG createAppenderRef(ref="stdout", level="null", Filter=null)
2021-05-21 08:47:05,111 Test worker DEBUG Building Plugin[name=logger, class=org.apache.logging.log4j.core.config.LoggerConfig].
2021-05-21 08:47:05,113 Test worker DEBUG createLogger(additivity="false", level="DEBUG", name="org.apache.activemq", includeLocation="null", ={activemq, stdout}, ={}, Configuration(LogConfig), Filter=null)
2021-05-21 08:47:05,114 Test worker DEBUG Building Plugin[name=AppenderRef, class=org.apache.logging.log4j.core.config.AppenderRef].
2021-05-21 08:47:05,114 Test worker DEBUG createAppenderRef(ref="hibernate", level="null", Filter=null)
2021-05-21 08:47:05,114 Test worker DEBUG Building Plugin[name=AppenderRef, class=org.apache.logging.log4j.core.config.AppenderRef].
2021-05-21 08:47:05,115 Test worker DEBUG createAppenderRef(ref="stdout", level="null", Filter=null)
2021-05-21 08:47:05,115 Test worker DEBUG Building Plugin[name=logger, class=org.apache.logging.log4j.core.config.LoggerConfig].
2021-05-21 08:47:05,115 Test worker DEBUG createLogger(additivity="false", level="DEBUG", name="org.hibernate", includeLocation="null", ={hibernate, stdout}, ={}, Configuration(LogConfig), Filter=null)
2021-05-21 08:47:05,115 Test worker DEBUG Building Plugin[name=AppenderRef, class=org.apache.logging.log4j.core.config.AppenderRef].
2021-05-21 08:47:05,116 Test worker DEBUG createAppenderRef(ref="quartz", level="null", Filter=null)
2021-05-21 08:47:05,116 Test worker DEBUG Building Plugin[name=AppenderRef, class=org.apache.logging.log4j.core.config.AppenderRef].
2021-05-21 08:47:05,116 Test worker DEBUG createAppenderRef(ref="stdout", level="null", Filter=null)
2021-05-21 08:47:05,116 Test worker DEBUG Building Plugin[name=logger, class=org.apache.logging.log4j.core.config.LoggerConfig].
2021-05-21 08:47:05,117 Test worker DEBUG createLogger(additivity="false", level="DEBUG", name="org.quartz", includeLocation="null", ={quartz, stdout}, ={}, Configuration(LogConfig), Filter=null)
2021-05-21 08:47:05,117 Test worker DEBUG Building Plugin[name=AppenderRef, class=org.apache.logging.log4j.core.config.AppenderRef].
2021-05-21 08:47:05,117 Test worker DEBUG createAppenderRef(ref="broker", level="null", Filter=null)
2021-05-21 08:47:05,117 Test worker DEBUG Building Plugin[name=AppenderRef, class=org.apache.logging.log4j.core.config.AppenderRef].
2021-05-21 08:47:05,118 Test worker DEBUG createAppenderRef(ref="stdout", level="null", Filter=null)
2021-05-21 08:47:05,118 Test worker DEBUG Building Plugin[name=logger, class=org.apache.logging.log4j.core.config.LoggerConfig].
2021-05-21 08:47:05,118 Test worker DEBUG createLogger(additivity="false", level="DEBUG", name="org.apache.activemq.broker", includeLocation="null", ={broker, stdout}, ={}, Configuration(LogConfig), Filter=null)
2021-05-21 08:47:05,118 Test worker DEBUG Building Plugin[name=AppenderRef, class=org.apache.logging.log4j.core.config.AppenderRef].
2021-05-21 08:47:05,119 Test worker DEBUG createAppenderRef(ref="producer", level="null", Filter=null)
2021-05-21 08:47:05,119 Test worker DEBUG Building Plugin[name=AppenderRef, class=org.apache.logging.log4j.core.config.AppenderRef].
2021-05-21 08:47:05,119 Test worker DEBUG createAppenderRef(ref="stdout", level="null", Filter=null)
2021-05-21 08:47:05,119 Test worker DEBUG Building Plugin[name=logger, class=org.apache.logging.log4j.core.config.LoggerConfig].
2021-05-21 08:47:05,120 Test worker DEBUG createLogger(additivity="false", level="DEBUG", name="com.ares.mq.jms.swift.SwiftMessageProducer", includeLocation="null", ={producer, stdout}, ={}, Configuration(LogConfig), Filter=null)
2021-05-21 08:47:05,120 Test worker DEBUG Building Plugin[name=AppenderRef, class=org.apache.logging.log4j.core.config.AppenderRef].
2021-05-21 08:47:05,121 Test worker DEBUG createAppenderRef(ref="consumer", level="null", Filter=null)
2021-05-21 08:47:05,121 Test worker DEBUG Building Plugin[name=AppenderRef, class=org.apache.logging.log4j.core.config.AppenderRef].
2021-05-21 08:47:05,121 Test worker DEBUG createAppenderRef(ref="stdout", level="null", Filter=null)
2021-05-21 08:47:05,121 Test worker DEBUG Building Plugin[name=logger, class=org.apache.logging.log4j.core.config.LoggerConfig].
2021-05-21 08:47:05,123 Test worker DEBUG createLogger(additivity="false", level="DEBUG", name="com.ares.mq.jms.swift.SwiftMessageConsumer", includeLocation="null", ={consumer, stdout}, ={}, Configuration(LogConfig), Filter=null)
2021-05-21 08:47:05,123 Test worker DEBUG Building Plugin[name=AppenderRef, class=org.apache.logging.log4j.core.config.AppenderRef].
2021-05-21 08:47:05,124 Test worker DEBUG createAppenderRef(ref="stdout", level="null", Filter=null)
2021-05-21 08:47:05,124 Test worker DEBUG Building Plugin[name=AppenderRef, class=org.apache.logging.log4j.core.config.AppenderRef].
2021-05-21 08:47:05,125 Test worker DEBUG createAppenderRef(ref="service", level="null", Filter=null)
2021-05-21 08:47:05,125 Test worker DEBUG Building Plugin[name=root, class=org.apache.logging.log4j.core.config.LoggerConfig$RootLogger].
2021-05-21 08:47:05,125 Test worker DEBUG createLogger(additivity="null", level="INFO", includeLocation="null", ={stdout, service}, ={}, Configuration(LogConfig), Filter=null)
2021-05-21 08:47:05,126 Test worker DEBUG Building Plugin[name=loggers, class=org.apache.logging.log4j.core.config.LoggersPlugin].
2021-05-21 08:47:05,127 Test worker DEBUG createLoggers(={org.apache.activemq, org.hibernate, org.quartz, org.apache.activemq.broker, com.ares.mq.jms.swift.SwiftMessageProducer, com.ares.mq.jms.swift.SwiftMessageConsumer, root})
2021-05-21 08:47:05,127 Test worker DEBUG Configuration XmlConfiguration[location=C:\Users\user\Documents\xmldemo\build\resources\main\log4j2.xml] initialized
2021-05-21 08:47:05,128 Test worker DEBUG Starting configuration XmlConfiguration[location=C:\Users\user\Documents\xmldemo\build\resources\main\log4j2.xml]
2021-05-21 08:47:05,128 Test worker DEBUG Started configuration XmlConfiguration[location=C:\Users\user\Documents\xmldemo\build\resources\main\log4j2.xml] OK.
2021-05-21 08:47:05,128 Test worker TRACE Stopping org.apache.logging.log4j.core.config.DefaultConfiguration@44de3ad9...
2021-05-21 08:47:05,128 Test worker TRACE DefaultConfiguration notified 1 ReliabilityStrategies that config will be stopped.
2021-05-21 08:47:05,129 Test worker TRACE DefaultConfiguration stopping root LoggerConfig.
2021-05-21 08:47:05,129 Test worker TRACE DefaultConfiguration notifying ReliabilityStrategies that appenders will be stopped.
2021-05-21 08:47:05,129 Test worker TRACE DefaultConfiguration stopping remaining Appenders.
2021-05-21 08:47:05,129 Test worker DEBUG Shutting down OutputStreamManager SYSTEM_OUT.false.false-1
2021-05-21 08:47:05,129 Test worker DEBUG Shut down OutputStreamManager SYSTEM_OUT.false.false-1, all resources released: true
2021-05-21 08:47:05,129 Test worker DEBUG Appender DefaultConsole-1 stopped with status true
2021-05-21 08:47:05,130 Test worker TRACE DefaultConfiguration stopped 1 remaining Appenders.
2021-05-21 08:47:05,130 Test worker TRACE DefaultConfiguration cleaning Appenders from 1 LoggerConfigs.
2021-05-21 08:47:05,130 Test worker DEBUG Stopped org.apache.logging.log4j.core.config.DefaultConfiguration@44de3ad9 OK
2021-05-21 08:47:05,153 Test worker TRACE Reregistering MBeans after reconfigure. Selector=org.apache.logging.log4j.core.selector.ClassLoaderContextSelector@37168c4f
2021-05-21 08:47:05,154 Test worker TRACE Reregistering context (1/1): '73d16e93' org.apache.logging.log4j.core.LoggerContext@248dc72f
2021-05-21 08:47:05,155 Test worker TRACE Unregistering but no MBeans found matching 'org.apache.logging.log4j2:type=73d16e93'
2021-05-21 08:47:05,155 Test worker TRACE Unregistering but no MBeans found matching 'org.apache.logging.log4j2:type=73d16e93,component=StatusLogger'
2021-05-21 08:47:05,156 Test worker TRACE Unregistering but no MBeans found matching 'org.apache.logging.log4j2:type=73d16e93,component=ContextSelector'
2021-05-21 08:47:05,156 Test worker TRACE Unregistering but no MBeans found matching 'org.apache.logging.log4j2:type=73d16e93,component=Loggers,name=*'
2021-05-21 08:47:05,156 Test worker TRACE Unregistering but no MBeans found matching 'org.apache.logging.log4j2:type=73d16e93,component=Appenders,name=*'
2021-05-21 08:47:05,157 Test worker TRACE Unregistering but no MBeans found matching 'org.apache.logging.log4j2:type=73d16e93,component=AsyncAppenders,name=*'
2021-05-21 08:47:05,157 Test worker TRACE Unregistering but no MBeans found matching 'org.apache.logging.log4j2:type=73d16e93,component=AsyncLoggerRingBuffer'
2021-05-21 08:47:05,157 Test worker TRACE Unregistering but no MBeans found matching 'org.apache.logging.log4j2:type=73d16e93,component=Loggers,name=*,subtype=RingBuffer'
2021-05-21 08:47:05,158 Test worker DEBUG Registering MBean org.apache.logging.log4j2:type=73d16e93
2021-05-21 08:47:05,160 Test worker DEBUG Registering MBean org.apache.logging.log4j2:type=73d16e93,component=StatusLogger
2021-05-21 08:47:05,161 Test worker DEBUG Registering MBean org.apache.logging.log4j2:type=73d16e93,component=ContextSelector
2021-05-21 08:47:05,162 Test worker DEBUG Registering MBean org.apache.logging.log4j2:type=73d16e93,component=Loggers,name=org.apache.activemq.broker
2021-05-21 08:47:05,163 Test worker DEBUG Registering MBean org.apache.logging.log4j2:type=73d16e93,component=Loggers,name=
2021-05-21 08:47:05,163 Test worker DEBUG Registering MBean org.apache.logging.log4j2:type=73d16e93,component=Loggers,name=org.apache.activemq
2021-05-21 08:47:05,163 Test worker DEBUG Registering MBean org.apache.logging.log4j2:type=73d16e93,component=Loggers,name=com.ares.mq.jms.swift.SwiftMessageConsumer
2021-05-21 08:47:05,163 Test worker DEBUG Registering MBean org.apache.logging.log4j2:type=73d16e93,component=Loggers,name=com.ares.mq.jms.swift.SwiftMessageProducer
2021-05-21 08:47:05,163 Test worker DEBUG Registering MBean org.apache.logging.log4j2:type=73d16e93,component=Loggers,name=org.hibernate
2021-05-21 08:47:05,164 Test worker DEBUG Registering MBean org.apache.logging.log4j2:type=73d16e93,component=Loggers,name=org.quartz
2021-05-21 08:47:05,164 Test worker DEBUG Registering MBean org.apache.logging.log4j2:type=73d16e93,component=Appenders,name=activemq
2021-05-21 08:47:05,165 Test worker DEBUG Registering MBean org.apache.logging.log4j2:type=73d16e93,component=Appenders,name=stdout
2021-05-21 08:47:05,165 Test worker DEBUG Registering MBean org.apache.logging.log4j2:type=73d16e93,component=Appenders,name=service
2021-05-21 08:47:05,165 Test worker DEBUG Registering MBean org.apache.logging.log4j2:type=73d16e93,component=Appenders,name=quartz
2021-05-21 08:47:05,165 Test worker DEBUG Registering MBean org.apache.logging.log4j2:type=73d16e93,component=Appenders,name=producer
2021-05-21 08:47:05,166 Test worker DEBUG Registering MBean org.apache.logging.log4j2:type=73d16e93,component=Appenders,name=hibernate
2021-05-21 08:47:05,166 Test worker DEBUG Registering MBean org.apache.logging.log4j2:type=73d16e93,component=Appenders,name=broker
2021-05-21 08:47:05,166 Test worker DEBUG Registering MBean org.apache.logging.log4j2:type=73d16e93,component=Appenders,name=consumer
2021-05-21 08:47:05,166 Test worker TRACE Using DummyNanoClock for nanosecond timestamps.
2021-05-21 08:47:05,166 Test worker DEBUG Reconfiguration complete for context[name=73d16e93] at URI C:\Users\user\Documents\xmldemo\build\resources\main\log4j2.xml (org.apache.logging.log4j.core.LoggerContext@248dc72f) with optional ClassLoader: null
2021-05-21 08:47:05,167 Test worker DEBUG Shutdown hook enabled. Registering a new one.
2021-05-21 08:47:05,167 Test worker DEBUG LoggerContext[name=73d16e93, org.apache.logging.log4j.core.LoggerContext@248dc72f] started OK.
[2021-05-21 08:47:05,227] - [org.springframework.boot.test.context.SpringBootTestContextBootstrapper] - [INFO] - [buildDefaultMergedContextConfiguration] - [Test worker] - Neither @ContextConfiguration nor @ContextHierarchy found for test class [com.example.demo.DemoApplicationTests], using SpringBootContextLoader
2021-05-21 08:47:05,232 Test worker DEBUG AsyncLogger.ThreadNameStrategy=UNCACHED (user specified null, default is UNCACHED)
2021-05-21 08:47:05,233 Test worker TRACE Using default SystemClock for timestamps.
2021-05-21 08:47:05,233 Test worker DEBUG org.apache.logging.log4j.core.util.SystemClock does not support precise timestamps.
[2021-05-21 08:47:05,238] - [org.springframework.test.context.support.AbstractContextLoader] - [INFO] - [generateDefaultLocations] - [Test worker] - Could not detect default resource locations for test class [com.example.demo.DemoApplicationTests]: no resource found for suffixes {-context.xml, Context.groovy}.
[2021-05-21 08:47:05,240] - [org.springframework.test.context.support.AnnotationConfigContextLoaderUtils] - [INFO] - [detectDefaultConfigurationClasses] - [Test worker] - Could not detect default configuration classes for test class [com.example.demo.DemoApplicationTests]: DemoApplicationTests does not declare any static, non-private, non-final, nested classes annotated with @Configuration.
[2021-05-21 08:47:05,343] - [org.springframework.boot.test.context.SpringBootTestContextBootstrapper] - [INFO] - [getOrFindConfigurationClasses] - [Test worker] - Found @SpringBootConfiguration com.example.demo.DemoApplication for test class com.example.demo.DemoApplicationTests
[2021-05-21 08:47:05,416] - [org.springframework.boot.test.context.SpringBootTestContextBootstrapper] - [INFO] - [getDefaultTestExecutionListenerClassNames] - [Test worker] - Loaded default TestExecutionListener class names from location [META-INF/spring.factories]: [org.springframework.boot.test.autoconfigure.restdocs.RestDocsTestExecutionListener, org.springframework.boot.test.autoconfigure.web.client.MockRestServiceServerResetTestExecutionListener, org.springframework.boot.test.autoconfigure.web.servlet.MockMvcPrintOnlyOnFailureTestExecutionListener, org.springframework.boot.test.autoconfigure.web.servlet.WebDriverTestExecutionListener, org.springframework.boot.test.mock.mockito.MockitoTestExecutionListener, org.springframework.boot.test.mock.mockito.ResetMocksTestExecutionListener, org.springframework.test.context.web.ServletTestExecutionListener, org.springframework.test.context.support.DirtiesContextBeforeModesTestExecutionListener, org.springframework.test.context.support.DependencyInjectionTestExecutionListener, org.springframework.test.context.support.DirtiesContextTestExecutionListener, org.springframework.test.context.transaction.TransactionalTestExecutionListener, org.springframework.test.context.jdbc.SqlScriptsTestExecutionListener]
[2021-05-21 08:47:05,426] - [org.springframework.boot.test.context.SpringBootTestContextBootstrapper] - [INFO] - [getTestExecutionListeners] - [Test worker] - Using TestExecutionListeners: [org.springframework.test.context.web.ServletTestExecutionListener@231c0840, org.springframework.test.context.support.DirtiesContextBeforeModesTestExecutionListener@6a580ff, org.springframework.boot.test.mock.mockito.MockitoTestExecutionListener@36acd8db, org.springframework.boot.test.autoconfigure.SpringBootDependencyInjectionTestExecutionListener@711e6fee, org.springframework.test.context.support.DirtiesContextTestExecutionListener@32833785, org.springframework.boot.test.autoconfigure.restdocs.RestDocsTestExecutionListener@180bfb52, org.springframework.boot.test.autoconfigure.web.client.MockRestServiceServerResetTestExecutionListener@48b18288, org.springframework.boot.test.autoconfigure.web.servlet.MockMvcPrintOnlyOnFailureTestExecutionListener@4a52f56f, org.springframework.boot.test.autoconfigure.web.servlet.WebDriverTestExecutionListener@61c6ccbf, org.springframework.boot.test.mock.mockito.ResetMocksTestExecutionListener@26d07abe]
2021-05-21 08:47:05,528 Test worker DEBUG Reconfiguration started for context[name=73d16e93] at URI null (org.apache.logging.log4j.core.LoggerContext@248dc72f) with optional ClassLoader: null
2021-05-21 08:47:05,528 Test worker DEBUG Using configurationFactory org.apache.logging.log4j.core.config.ConfigurationFactory$Factory@55e1c5fa
2021-05-21 08:47:05,528 Test worker TRACE Trying to find [log4j2-test73d16e93.properties] using context class loader sun.misc.Launcher$AppClassLoader@73d16e93.
2021-05-21 08:47:05,529 Test worker TRACE Trying to find [log4j2-test73d16e93.properties] using sun.misc.Launcher$AppClassLoader@73d16e93 class loader.
2021-05-21 08:47:05,529 Test worker TRACE Trying to find [log4j2-test73d16e93.properties] using sun.misc.Launcher$AppClassLoader@73d16e93 class loader.
2021-05-21 08:47:05,530 Test worker TRACE Trying to find [log4j2-test73d16e93.properties] using ClassLoader.getSystemResource().
2021-05-21 08:47:05,530 Test worker TRACE Trying to find [log4j2-test73d16e93.yml] using context class loader sun.misc.Launcher$AppClassLoader@73d16e93.
2021-05-21 08:47:05,530 Test worker TRACE Trying to find [log4j2-test73d16e93.yml] using sun.misc.Launcher$AppClassLoader@73d16e93 class loader.
2021-05-21 08:47:05,531 Test worker TRACE Trying to find [log4j2-test73d16e93.yml] using sun.misc.Launcher$AppClassLoader@73d16e93 class loader.
2021-05-21 08:47:05,531 Test worker TRACE Trying to find [log4j2-test73d16e93.yml] using ClassLoader.getSystemResource().
2021-05-21 08:47:05,531 Test worker TRACE Trying to find [log4j2-test73d16e93.yaml] using context class loader sun.misc.Launcher$AppClassLoader@73d16e93.
2021-05-21 08:47:05,531 Test worker TRACE Trying to find [log4j2-test73d16e93.yaml] using sun.misc.Launcher$AppClassLoader@73d16e93 class loader.
2021-05-21 08:47:05,532 Test worker TRACE Trying to find [log4j2-test73d16e93.yaml] using sun.misc.Launcher$AppClassLoader@73d16e93 class loader.
2021-05-21 08:47:05,532 Test worker TRACE Trying to find [log4j2-test73d16e93.yaml] using ClassLoader.getSystemResource().
2021-05-21 08:47:05,532 Test worker TRACE Trying to find [log4j2-test73d16e93.json] using context class loader sun.misc.Launcher$AppClassLoader@73d16e93.
2021-05-21 08:47:05,532 Test worker TRACE Trying to find [log4j2-test73d16e93.json] using sun.misc.Launcher$AppClassLoader@73d16e93 class loader.
2021-05-21 08:47:05,533 Test worker TRACE Trying to find [log4j2-test73d16e93.json] using sun.misc.Launcher$AppClassLoader@73d16e93 class loader.
2021-05-21 08:47:05,533 Test worker TRACE Trying to find [log4j2-test73d16e93.json] using ClassLoader.getSystemResource().
2021-05-21 08:47:05,533 Test worker TRACE Trying to find [log4j2-test73d16e93.jsn] using context class loader sun.misc.Launcher$AppClassLoader@73d16e93.
2021-05-21 08:47:05,533 Test worker TRACE Trying to find [log4j2-test73d16e93.jsn] using sun.misc.Launcher$AppClassLoader@73d16e93 class loader.
2021-05-21 08:47:05,534 Test worker TRACE Trying to find [log4j2-test73d16e93.jsn] using sun.misc.Launcher$AppClassLoader@73d16e93 class loader.
2021-05-21 08:47:05,534 Test worker TRACE Trying to find [log4j2-test73d16e93.jsn] using ClassLoader.getSystemResource().
2021-05-21 08:47:05,535 Test worker TRACE Trying to find [log4j2-test73d16e93.xml] using context class loader sun.misc.Launcher$AppClassLoader@73d16e93.
2021-05-21 08:47:05,536 Test worker TRACE Trying to find [log4j2-test73d16e93.xml] using sun.misc.Launcher$AppClassLoader@73d16e93 class loader.
2021-05-21 08:47:05,536 Test worker TRACE Trying to find [log4j2-test73d16e93.xml] using sun.misc.Launcher$AppClassLoader@73d16e93 class loader.
2021-05-21 08:47:05,537 Test worker TRACE Trying to find [log4j2-test73d16e93.xml] using ClassLoader.getSystemResource().
2021-05-21 08:47:05,537 Test worker TRACE Trying to find [log4j2-test73d16e93.springboot] using context class loader sun.misc.Launcher$AppClassLoader@73d16e93.
2021-05-21 08:47:05,538 Test worker TRACE Trying to find [log4j2-test73d16e93.springboot] using sun.misc.Launcher$AppClassLoader@73d16e93 class loader.
2021-05-21 08:47:05,538 Test worker TRACE Trying to find [log4j2-test73d16e93.springboot] using sun.misc.Launcher$AppClassLoader@73d16e93 class loader.
2021-05-21 08:47:05,539 Test worker TRACE Trying to find [log4j2-test73d16e93.springboot] using ClassLoader.getSystemResource().
2021-05-21 08:47:05,539 Test worker TRACE Trying to find [log4j2-test.properties] using context class loader sun.misc.Launcher$AppClassLoader@73d16e93.
2021-05-21 08:47:05,539 Test worker TRACE Trying to find [log4j2-test.properties] using sun.misc.Launcher$AppClassLoader@73d16e93 class loader.
2021-05-21 08:47:05,539 Test worker TRACE Trying to find [log4j2-test.properties] using sun.misc.Launcher$AppClassLoader@73d16e93 class loader.
2021-05-21 08:47:05,540 Test worker TRACE Trying to find [log4j2-test.properties] using ClassLoader.getSystemResource().
2021-05-21 08:47:05,540 Test worker TRACE Trying to find [log4j2-test.yml] using context class loader sun.misc.Launcher$AppClassLoader@73d16e93.
2021-05-21 08:47:05,540 Test worker TRACE Trying to find [log4j2-test.yml] using sun.misc.Launcher$AppClassLoader@73d16e93 class loader.
2021-05-21 08:47:05,541 Test worker TRACE Trying to find [log4j2-test.yml] using sun.misc.Launcher$AppClassLoader@73d16e93 class loader.
2021-05-21 08:47:05,541 Test worker TRACE Trying to find [log4j2-test.yml] using ClassLoader.getSystemResource().
2021-05-21 08:47:05,541 Test worker TRACE Trying to find [log4j2-test.yaml] using context class loader sun.misc.Launcher$AppClassLoader@73d16e93.
2021-05-21 08:47:05,541 Test worker TRACE Trying to find [log4j2-test.yaml] using sun.misc.Launcher$AppClassLoader@73d16e93 class loader.
2021-05-21 08:47:05,542 Test worker TRACE Trying to find [log4j2-test.yaml] using sun.misc.Launcher$AppClassLoader@73d16e93 class loader.
2021-05-21 08:47:05,542 Test worker TRACE Trying to find [log4j2-test.yaml] using ClassLoader.getSystemResource().
2021-05-21 08:47:05,542 Test worker TRACE Trying to find [log4j2-test.json] using context class loader sun.misc.Launcher$AppClassLoader@73d16e93.
2021-05-21 08:47:05,543 Test worker TRACE Trying to find [log4j2-test.json] using sun.misc.Launcher$AppClassLoader@73d16e93 class loader.
2021-05-21 08:47:05,543 Test worker TRACE Trying to find [log4j2-test.json] using sun.misc.Launcher$AppClassLoader@73d16e93 class loader.
2021-05-21 08:47:05,543 Test worker TRACE Trying to find [log4j2-test.json] using ClassLoader.getSystemResource().
2021-05-21 08:47:05,543 Test worker TRACE Trying to find [log4j2-test.jsn] using context class loader sun.misc.Launcher$AppClassLoader@73d16e93.
2021-05-21 08:47:05,544 Test worker TRACE Trying to find [log4j2-test.jsn] using sun.misc.Launcher$AppClassLoader@73d16e93 class loader.
2021-05-21 08:47:05,544 Test worker TRACE Trying to find [log4j2-test.jsn] using sun.misc.Launcher$AppClassLoader@73d16e93 class loader.
2021-05-21 08:47:05,544 Test worker TRACE Trying to find [log4j2-test.jsn] using ClassLoader.getSystemResource().
2021-05-21 08:47:05,544 Test worker TRACE Trying to find [log4j2-test.xml] using context class loader sun.misc.Launcher$AppClassLoader@73d16e93.
2021-05-21 08:47:05,545 Test worker TRACE Trying to find [log4j2-test.xml] using sun.misc.Launcher$AppClassLoader@73d16e93 class loader.
2021-05-21 08:47:05,545 Test worker TRACE Trying to find [log4j2-test.xml] using sun.misc.Launcher$AppClassLoader@73d16e93 class loader.
2021-05-21 08:47:05,545 Test worker TRACE Trying to find [log4j2-test.xml] using ClassLoader.getSystemResource().
2021-05-21 08:47:05,545 Test worker TRACE Trying to find [log4j2-test.springboot] using context class loader sun.misc.Launcher$AppClassLoader@73d16e93.
2021-05-21 08:47:05,546 Test worker TRACE Trying to find [log4j2-test.springboot] using sun.misc.Launcher$AppClassLoader@73d16e93 class loader.
2021-05-21 08:47:05,546 Test worker TRACE Trying to find [log4j2-test.springboot] using sun.misc.Launcher$AppClassLoader@73d16e93 class loader.
2021-05-21 08:47:05,546 Test worker TRACE Trying to find [log4j2-test.springboot] using ClassLoader.getSystemResource().
2021-05-21 08:47:05,546 Test worker TRACE Trying to find [log4j273d16e93.properties] using context class loader sun.misc.Launcher$AppClassLoader@73d16e93.
2021-05-21 08:47:05,547 Test worker TRACE Trying to find [log4j273d16e93.properties] using sun.misc.Launcher$AppClassLoader@73d16e93 class loader.
2021-05-21 08:47:05,547 Test worker TRACE Trying to find [log4j273d16e93.properties] using sun.misc.Launcher$AppClassLoader@73d16e93 class loader.
2021-05-21 08:47:05,547 Test worker TRACE Trying to find [log4j273d16e93.properties] using ClassLoader.getSystemResource().
2021-05-21 08:47:05,548 Test worker TRACE Trying to find [log4j273d16e93.yml] using context class loader sun.misc.Launcher$AppClassLoader@73d16e93.
2021-05-21 08:47:05,548 Test worker TRACE Trying to find [log4j273d16e93.yml] using sun.misc.Launcher$AppClassLoader@73d16e93 class loader.
2021-05-21 08:47:05,549 Test worker TRACE Trying to find [log4j273d16e93.yml] using sun.misc.Launcher$AppClassLoader@73d16e93 class loader.
2021-05-21 08:47:05,550 Test worker TRACE Trying to find [log4j273d16e93.yml] using ClassLoader.getSystemResource().
2021-05-21 08:47:05,551 Test worker TRACE Trying to find [log4j273d16e93.yaml] using context class loader sun.misc.Launcher$AppClassLoader@73d16e93.
2021-05-21 08:47:05,552 Test worker TRACE Trying to find [log4j273d16e93.yaml] using sun.misc.Launcher$AppClassLoader@73d16e93 class loader.
2021-05-21 08:47:05,553 Test worker TRACE Trying to find [log4j273d16e93.yaml] using sun.misc.Launcher$AppClassLoader@73d16e93 class loader.
2021-05-21 08:47:05,554 Test worker TRACE Trying to find [log4j273d16e93.yaml] using ClassLoader.getSystemResource().
2021-05-21 08:47:05,556 Test worker TRACE Trying to find [log4j273d16e93.json] using context class loader sun.misc.Launcher$AppClassLoader@73d16e93.
2021-05-21 08:47:05,556 Test worker TRACE Trying to find [log4j273d16e93.json] using sun.misc.Launcher$AppClassLoader@73d16e93 class loader.
2021-05-21 08:47:05,557 Test worker TRACE Trying to find [log4j273d16e93.json] using sun.misc.Launcher$AppClassLoader@73d16e93 class loader.
2021-05-21 08:47:05,557 Test worker TRACE Trying to find [log4j273d16e93.json] using ClassLoader.getSystemResource().
2021-05-21 08:47:05,558 Test worker TRACE Trying to find [log4j273d16e93.jsn] using context class loader sun.misc.Launcher$AppClassLoader@73d16e93.
2021-05-21 08:47:05,558 Test worker TRACE Trying to find [log4j273d16e93.jsn] using sun.misc.Launcher$AppClassLoader@73d16e93 class loader.
2021-05-21 08:47:05,559 Test worker TRACE Trying to find [log4j273d16e93.jsn] using sun.misc.Launcher$AppClassLoader@73d16e93 class loader.
2021-05-21 08:47:05,559 Test worker TRACE Trying to find [log4j273d16e93.jsn] using ClassLoader.getSystemResource().
2021-05-21 08:47:05,559 Test worker TRACE Trying to find [log4j273d16e93.xml] using context class loader sun.misc.Launcher$AppClassLoader@73d16e93.
2021-05-21 08:47:05,560 Test worker TRACE Trying to find [log4j273d16e93.xml] using sun.misc.Launcher$AppClassLoader@73d16e93 class loader.
2021-05-21 08:47:05,560 Test worker TRACE Trying to find [log4j273d16e93.xml] using sun.misc.Launcher$AppClassLoader@73d16e93 class loader.
2021-05-21 08:47:05,560 Test worker TRACE Trying to find [log4j273d16e93.xml] using ClassLoader.getSystemResource().
2021-05-21 08:47:05,561 Test worker TRACE Trying to find [log4j273d16e93.springboot] using context class loader sun.misc.Launcher$AppClassLoader@73d16e93.
2021-05-21 08:47:05,561 Test worker TRACE Trying to find [log4j273d16e93.springboot] using sun.misc.Launcher$AppClassLoader@73d16e93 class loader.
2021-05-21 08:47:05,561 Test worker TRACE Trying to find [log4j273d16e93.springboot] using sun.misc.Launcher$AppClassLoader@73d16e93 class loader.
2021-05-21 08:47:05,562 Test worker TRACE Trying to find [log4j273d16e93.springboot] using ClassLoader.getSystemResource().
2021-05-21 08:47:05,562 Test worker TRACE Trying to find [log4j2.properties] using context class loader sun.misc.Launcher$AppClassLoader@73d16e93.
2021-05-21 08:47:05,562 Test worker TRACE Trying to find [log4j2.properties] using sun.misc.Launcher$AppClassLoader@73d16e93 class loader.
2021-05-21 08:47:05,563 Test worker TRACE Trying to find [log4j2.properties] using sun.misc.Launcher$AppClassLoader@73d16e93 class loader.
2021-05-21 08:47:05,563 Test worker TRACE Trying to find [log4j2.properties] using ClassLoader.getSystemResource().
2021-05-21 08:47:05,563 Test worker TRACE Trying to find [log4j2.yml] using context class loader sun.misc.Launcher$AppClassLoader@73d16e93.
2021-05-21 08:47:05,564 Test worker TRACE Trying to find [log4j2.yml] using sun.misc.Launcher$AppClassLoader@73d16e93 class loader.
2021-05-21 08:47:05,564 Test worker TRACE Trying to find [log4j2.yml] using sun.misc.Launcher$AppClassLoader@73d16e93 class loader.
2021-05-21 08:47:05,564 Test worker TRACE Trying to find [log4j2.yml] using ClassLoader.getSystemResource().
2021-05-21 08:47:05,564 Test worker TRACE Trying to find [log4j2.yaml] using context class loader sun.misc.Launcher$AppClassLoader@73d16e93.
2021-05-21 08:47:05,565 Test worker TRACE Trying to find [log4j2.yaml] using sun.misc.Launcher$AppClassLoader@73d16e93 class loader.
2021-05-21 08:47:05,566 Test worker TRACE Trying to find [log4j2.yaml] using sun.misc.Launcher$AppClassLoader@73d16e93 class loader.
2021-05-21 08:47:05,566 Test worker TRACE Trying to find [log4j2.yaml] using ClassLoader.getSystemResource().
2021-05-21 08:47:05,567 Test worker TRACE Trying to find [log4j2.json] using context class loader sun.misc.Launcher$AppClassLoader@73d16e93.
2021-05-21 08:47:05,568 Test worker TRACE Trying to find [log4j2.json] using sun.misc.Launcher$AppClassLoader@73d16e93 class loader.
2021-05-21 08:47:05,569 Test worker TRACE Trying to find [log4j2.json] using sun.misc.Launcher$AppClassLoader@73d16e93 class loader.
2021-05-21 08:47:05,569 Test worker TRACE Trying to find [log4j2.json] using ClassLoader.getSystemResource().
2021-05-21 08:47:05,570 Test worker TRACE Trying to find [log4j2.jsn] using context class loader sun.misc.Launcher$AppClassLoader@73d16e93.
2021-05-21 08:47:05,570 Test worker TRACE Trying to find [log4j2.jsn] using sun.misc.Launcher$AppClassLoader@73d16e93 class loader.
2021-05-21 08:47:05,571 Test worker TRACE Trying to find [log4j2.jsn] using sun.misc.Launcher$AppClassLoader@73d16e93 class loader.
2021-05-21 08:47:05,571 Test worker TRACE Trying to find [log4j2.jsn] using ClassLoader.getSystemResource().
2021-05-21 08:47:05,572 Test worker TRACE Trying to find [log4j2.xml] using context class loader sun.misc.Launcher$AppClassLoader@73d16e93.
2021-05-21 08:47:05,573 Test worker INFO Log4j appears to be running in a Servlet environment, but there's no log4j-web module available. If you want better web container support, please add the log4j-web JAR to your web archive or server lib directory.
2021-05-21 08:47:05,574 Test worker DEBUG Closing BufferedInputStream java.io.BufferedInputStream@7607fe3b
2021-05-21 08:47:05,579 Test worker DEBUG Apache Log4j Core 2.11.2 initializing configuration XmlConfiguration[location=C:\Users\user\Documents\xmldemo\build\resources\main\log4j2.xml]
2021-05-21 08:47:05,580 Test worker DEBUG Installed 1 script engine
2021-05-21 08:47:05,589 Test worker DEBUG Oracle Nashorn version: 1.8.0_291, language: ECMAScript, threading: Not Thread Safe, compile: true, names: [nashorn, Nashorn, js, JS, JavaScript, javascript, ECMAScript, ecmascript], factory class: jdk.nashorn.api.scripting.NashornScriptEngineFactory
2021-05-21 08:47:05,589 Test worker DEBUG PluginManager 'Core' found 117 plugins
2021-05-21 08:47:05,589 Test worker DEBUG PluginManager 'Level' found 0 plugins
2021-05-21 08:47:05,591 Test worker DEBUG Building Plugin[name=property, class=org.apache.logging.log4j.core.config.Property].
2021-05-21 08:47:05,592 Test worker DEBUG createProperty(name="filepath", value="./tmp/log4j2")
2021-05-21 08:47:05,592 Test worker DEBUG Building Plugin[name=properties, class=org.apache.logging.log4j.core.config.PropertiesPlugin].
2021-05-21 08:47:05,592 Test worker DEBUG configureSubstitutor(={filepath=./tmp/log4j2}, Configuration(LogConfig))
2021-05-21 08:47:05,593 Test worker DEBUG PluginManager 'Lookup' found 13 plugins
2021-05-21 08:47:05,593 Test worker DEBUG Building Plugin[name=layout, class=org.apache.logging.log4j.core.layout.PatternLayout].
2021-05-21 08:47:05,593 Test worker DEBUG PatternLayout$Builder(pattern="[%d] - [%c] - [%highlight{%level}] - [%method] - [%t] - %msg%n", PatternSelector=null, Configuration(LogConfig), Replace=null, charset="null", alwaysWriteExceptions="null", disableAnsi="null", noConsoleNoAnsi="null", header="null", footer="null")
2021-05-21 08:47:05,594 Test worker DEBUG PluginManager 'Converter' found 47 plugins
2021-05-21 08:47:05,594 Test worker DEBUG Building Plugin[name=appender, class=org.apache.logging.log4j.core.appender.ConsoleAppender].
2021-05-21 08:47:05,595 Test worker DEBUG ConsoleAppender$Builder(target="SYSTEM_OUT", follow="null", direct="null", bufferedIo="null", bufferSize="null", immediateFlush="null", ignoreExceptions="null", PatternLayout([%d] - [%c] - [%highlight{%level}] - [%method] - [%t] - %msg%n), name="stdout", Configuration(LogConfig), Filter=null, ={})
2021-05-21 08:47:05,598 Test worker DEBUG Building Plugin[name=layout, class=org.apache.logging.log4j.core.layout.PatternLayout].
2021-05-21 08:47:05,599 Test worker DEBUG PatternLayout$Builder(pattern="[%d] - [%c] - [%highlight{%level}] - [%method] - [%t] - %msg%n", PatternSelector=null, Configuration(LogConfig), Replace=null, charset="null", alwaysWriteExceptions="null", disableAnsi="null", noConsoleNoAnsi="null", header="null", footer="null")
2021-05-21 08:47:05,600 Test worker DEBUG Building Plugin[name=OnStartupTriggeringPolicy, class=org.apache.logging.log4j.core.appender.rolling.OnStartupTriggeringPolicy].
2021-05-21 08:47:05,601 Test worker DEBUG createPolicy(minSize="1")
2021-05-21 08:47:05,601 Test worker DEBUG Building Plugin[name=TimeBasedTriggeringPolicy, class=org.apache.logging.log4j.core.appender.rolling.TimeBasedTriggeringPolicy].
2021-05-21 08:47:05,601 Test worker DEBUG TimeBasedTriggeringPolicy$Builder(interval="1", modulate="true", maxRandomDelay="null")
2021-05-21 08:47:05,602 Test worker DEBUG Building Plugin[name=SizeBasedTriggeringPolicy, class=org.apache.logging.log4j.core.appender.rolling.SizeBasedTriggeringPolicy].
2021-05-21 08:47:05,602 Test worker DEBUG createPolicy(size="3 MB")
2021-05-21 08:47:05,602 Test worker DEBUG Building Plugin[name=Policies, class=org.apache.logging.log4j.core.appender.rolling.CompositeTriggeringPolicy].
2021-05-21 08:47:05,603 Test worker DEBUG createPolicy(={OnStartupTriggeringPolicy, TimeBasedTriggeringPolicy(nextRolloverMillis=0, interval=1, modulate=true), SizeBasedTriggeringPolicy(size=3145728)})
2021-05-21 08:47:05,603 Test worker DEBUG Building Plugin[name=DefaultRolloverStrategy, class=org.apache.logging.log4j.core.appender.rolling.DefaultRolloverStrategy].
2021-05-21 08:47:05,603 Test worker DEBUG DefaultRolloverStrategy$Builder(max="10", min="null", fileIndex="null", compressionLevel="null", ={}, stopCustomActionsOnError="null", tempCompressedFilePattern="null", Configuration(LogConfig))
2021-05-21 08:47:05,604 Test worker DEBUG Building Plugin[name=appender, class=org.apache.logging.log4j.core.appender.RollingFileAppender].
2021-05-21 08:47:05,604 Test worker DEBUG RollingFileAppender$Builder(fileName="./tmp/log4j2/service.log", filePattern="./tmp/log4j2/bak/service-%d{yy-MM-dd}-%i.log.gz", append="null", locking="null", Policies(CompositeTriggeringPolicy(policies=[OnStartupTriggeringPolicy, TimeBasedTriggeringPolicy(nextRolloverMillis=0, interval=1, modulate=true), SizeBasedTriggeringPolicy(size=3145728)])), DefaultRolloverStrategy(DefaultRolloverStrategy(min=1, max=10, useMax=true)), advertise="null", advertiseUri="null", createOnDemand="null", filePermissions="null", fileOwner="null", fileGroup="null", bufferedIo="null", bufferSize="null", immediateFlush="null", ignoreExceptions="null", PatternLayout([%d] - [%c] - [%highlight{%level}] - [%method] - [%t] - %msg%n), name="service", Configuration(LogConfig), Filter=null, ={})
2021-05-21 08:47:05,605 Test worker DEBUG Initializing triggering policy OnStartupTriggeringPolicy
2021-05-21 08:47:05,605 Test worker DEBUG Initializing triggering policy TimeBasedTriggeringPolicy(nextRolloverMillis=0, interval=1, modulate=true)
2021-05-21 08:47:05,605 Test worker TRACE PatternProcessor.getNextTime returning 2021/05/22-00:00:00.000, nextFileTime=2021/05/21-00:00:00.000, prevFileTime=2021/05/21-00:00:00.000, current=2021/05/21-08:47:05.605, freq=DAILY
2021-05-21 08:47:05,605 Test worker TRACE PatternProcessor.getNextTime returning 2021/05/22-00:00:00.000, nextFileTime=2021/05/21-00:00:00.000, prevFileTime=2021/05/21-00:00:00.000, current=2021/05/21-08:47:05.605, freq=DAILY
2021-05-21 08:47:05,606 Test worker DEBUG Initializing triggering policy SizeBasedTriggeringPolicy(size=3145728)
2021-05-21 08:47:05,606 Test worker DEBUG PluginManager 'FileConverter' found 2 plugins
2021-05-21 08:47:05,607 Test worker DEBUG Building Plugin[name=layout, class=org.apache.logging.log4j.core.layout.PatternLayout].
2021-05-21 08:47:05,607 Test worker DEBUG PatternLayout$Builder(pattern="[%d] - [%c] - [%highlight{%level}] - [%method] - [%t] - %msg%n", PatternSelector=null, Configuration(LogConfig), Replace=null, charset="null", alwaysWriteExceptions="null", disableAnsi="null", noConsoleNoAnsi="null", header="null", footer="null")
2021-05-21 08:47:05,608 Test worker DEBUG Building Plugin[name=OnStartupTriggeringPolicy, class=org.apache.logging.log4j.core.appender.rolling.OnStartupTriggeringPolicy].
2021-05-21 08:47:05,608 Test worker DEBUG createPolicy(minSize="1")
2021-05-21 08:47:05,609 Test worker DEBUG Building Plugin[name=TimeBasedTriggeringPolicy, class=org.apache.logging.log4j.core.appender.rolling.TimeBasedTriggeringPolicy].
2021-05-21 08:47:05,609 Test worker DEBUG TimeBasedTriggeringPolicy$Builder(interval="1", modulate="true", maxRandomDelay="null")
2021-05-21 08:47:05,609 Test worker DEBUG Building Plugin[name=SizeBasedTriggeringPolicy, class=org.apache.logging.log4j.core.appender.rolling.SizeBasedTriggeringPolicy].
2021-05-21 08:47:05,609 Test worker DEBUG createPolicy(size="3 MB")
2021-05-21 08:47:05,610 Test worker DEBUG Building Plugin[name=Policies, class=org.apache.logging.log4j.core.appender.rolling.CompositeTriggeringPolicy].
2021-05-21 08:47:05,610 Test worker DEBUG createPolicy(={OnStartupTriggeringPolicy, TimeBasedTriggeringPolicy(nextRolloverMillis=0, interval=1, modulate=true), SizeBasedTriggeringPolicy(size=3145728)})
2021-05-21 08:47:05,610 Test worker DEBUG Building Plugin[name=IfFileName, class=org.apache.logging.log4j.core.appender.rolling.action.IfFileName].
2021-05-21 08:47:05,611 Test worker DEBUG createNameCondition(glob="hibernate-*.log.gz", regex="null", ={})
2021-05-21 08:47:05,611 Test worker DEBUG Building Plugin[name=IfLastModified, class=org.apache.logging.log4j.core.appender.rolling.action.IfLastModified].
2021-05-21 08:47:05,611 Test worker DEBUG createAgeCondition(age="P3D", ={})
2021-05-21 08:47:05,611 Test worker DEBUG Building Plugin[name=Delete, class=org.apache.logging.log4j.core.appender.rolling.action.DeleteAction].
2021-05-21 08:47:05,613 Test worker DEBUG createDeleteAction(basePath="./tmp/log4j2/bak", followLinks="false", maxDepth="1", testMode="false", PathSorter=null, ={IfFileName(glob:hibernate-*.log.gz), IfLastModified(age=P3D)}, ScriptCondition=null, Configuration(LogConfig))
2021-05-21 08:47:05,613 Test worker DEBUG Building Plugin[name=DefaultRolloverStrategy, class=org.apache.logging.log4j.core.appender.rolling.DefaultRolloverStrategy].
2021-05-21 08:47:05,614 Test worker DEBUG DefaultRolloverStrategy$Builder(max="null", min="null", fileIndex="null", compressionLevel="null", ={DeleteAction[basePath=.\tmp\log4j2\bak, options=[], maxDepth=1, conditions=[IfFileName(glob:hibernate-*.log.gz), IfLastModified(age=P3D)]]}, stopCustomActionsOnError="null", tempCompressedFilePattern="null", Configuration(LogConfig))
2021-05-21 08:47:05,615 Test worker DEBUG Building Plugin[name=appender, class=org.apache.logging.log4j.core.appender.RollingFileAppender].
2021-05-21 08:47:05,616 Test worker DEBUG RollingFileAppender$Builder(fileName="./tmp/log4j2/hibernate.log", filePattern="./tmp/log4j2/bak/hibernate-%d{yy-MM-dd}-%i.log.gz", append="null", locking="null", Policies(CompositeTriggeringPolicy(policies=[OnStartupTriggeringPolicy, TimeBasedTriggeringPolicy(nextRolloverMillis=0, interval=1, modulate=true), SizeBasedTriggeringPolicy(size=3145728)])), DefaultRolloverStrategy(DefaultRolloverStrategy(min=1, max=7, useMax=true)), advertise="null", advertiseUri="null", createOnDemand="null", filePermissions="null", fileOwner="null", fileGroup="null", bufferedIo="null", bufferSize="null", immediateFlush="null", ignoreExceptions="null", PatternLayout([%d] - [%c] - [%highlight{%level}] - [%method] - [%t] - %msg%n), name="hibernate", Configuration(LogConfig), Filter=null, ={})
2021-05-21 08:47:05,616 Test worker DEBUG Initializing triggering policy OnStartupTriggeringPolicy
2021-05-21 08:47:05,616 Test worker DEBUG Initializing triggering policy TimeBasedTriggeringPolicy(nextRolloverMillis=0, interval=1, modulate=true)
2021-05-21 08:47:05,617 Test worker TRACE PatternProcessor.getNextTime returning 2021/05/22-00:00:00.000, nextFileTime=2021/05/21-00:00:00.000, prevFileTime=2021/05/21-00:00:00.000, current=2021/05/21-08:47:05.616, freq=DAILY
2021-05-21 08:47:05,617 Test worker TRACE PatternProcessor.getNextTime returning 2021/05/22-00:00:00.000, nextFileTime=2021/05/21-00:00:00.000, prevFileTime=2021/05/21-00:00:00.000, current=2021/05/21-08:47:05.617, freq=DAILY
2021-05-21 08:47:05,617 Test worker DEBUG Initializing triggering policy SizeBasedTriggeringPolicy(size=3145728)
2021-05-21 08:47:05,617 Test worker DEBUG PluginManager 'FileConverter' found 2 plugins
2021-05-21 08:47:05,617 Test worker DEBUG Building Plugin[name=layout, class=org.apache.logging.log4j.core.layout.PatternLayout].
2021-05-21 08:47:05,618 Test worker DEBUG PatternLayout$Builder(pattern="[%d] - [%c] - [%highlight{%level}] - [%method] - [%t] - %msg%n", PatternSelector=null, Configuration(LogConfig), Replace=null, charset="null", alwaysWriteExceptions="null", disableAnsi="null", noConsoleNoAnsi="null", header="null", footer="null")
2021-05-21 08:47:05,618 Test worker DEBUG Building Plugin[name=OnStartupTriggeringPolicy, class=org.apache.logging.log4j.core.appender.rolling.OnStartupTriggeringPolicy].
2021-05-21 08:47:05,619 Test worker DEBUG createPolicy(minSize="1")
2021-05-21 08:47:05,619 Test worker DEBUG Building Plugin[name=TimeBasedTriggeringPolicy, class=org.apache.logging.log4j.core.appender.rolling.TimeBasedTriggeringPolicy].
2021-05-21 08:47:05,619 Test worker DEBUG TimeBasedTriggeringPolicy$Builder(interval="1", modulate="true", maxRandomDelay="null")
2021-05-21 08:47:05,619 Test worker DEBUG Building Plugin[name=SizeBasedTriggeringPolicy, class=org.apache.logging.log4j.core.appender.rolling.SizeBasedTriggeringPolicy].
2021-05-21 08:47:05,619 Test worker DEBUG createPolicy(size="3 MB")
2021-05-21 08:47:05,620 Test worker DEBUG Building Plugin[name=Policies, class=org.apache.logging.log4j.core.appender.rolling.CompositeTriggeringPolicy].
2021-05-21 08:47:05,620 Test worker DEBUG createPolicy(={OnStartupTriggeringPolicy, TimeBasedTriggeringPolicy(nextRolloverMillis=0, interval=1, modulate=true), SizeBasedTriggeringPolicy(size=3145728)})
2021-05-21 08:47:05,620 Test worker DEBUG Building Plugin[name=IfFileName, class=org.apache.logging.log4j.core.appender.rolling.action.IfFileName].
2021-05-21 08:47:05,620 Test worker DEBUG createNameCondition(glob="activemq-*.log.gz", regex="null", ={})
2021-05-21 08:47:05,621 Test worker DEBUG Building Plugin[name=IfLastModified, class=org.apache.logging.log4j.core.appender.rolling.action.IfLastModified].
2021-05-21 08:47:05,621 Test worker DEBUG createAgeCondition(age="P3D", ={})
2021-05-21 08:47:05,621 Test worker DEBUG Building Plugin[name=Delete, class=org.apache.logging.log4j.core.appender.rolling.action.DeleteAction].
2021-05-21 08:47:05,622 Test worker DEBUG createDeleteAction(basePath="./tmp/log4j2/bak", followLinks="false", maxDepth="1", testMode="false", PathSorter=null, ={IfFileName(glob:activemq-*.log.gz), IfLastModified(age=P3D)}, ScriptCondition=null, Configuration(LogConfig))
2021-05-21 08:47:05,622 Test worker DEBUG Building Plugin[name=DefaultRolloverStrategy, class=org.apache.logging.log4j.core.appender.rolling.DefaultRolloverStrategy].
2021-05-21 08:47:05,622 Test worker DEBUG DefaultRolloverStrategy$Builder(max="null", min="null", fileIndex="null", compressionLevel="null", ={DeleteAction[basePath=.\tmp\log4j2\bak, options=[], maxDepth=1, conditions=[IfFileName(glob:activemq-*.log.gz), IfLastModified(age=P3D)]]}, stopCustomActionsOnError="null", tempCompressedFilePattern="null", Configuration(LogConfig))
2021-05-21 08:47:05,622 Test worker DEBUG Building Plugin[name=appender, class=org.apache.logging.log4j.core.appender.RollingFileAppender].
2021-05-21 08:47:05,623 Test worker DEBUG RollingFileAppender$Builder(fileName="./tmp/log4j2/activemq.log", filePattern="./tmp/log4j2/bak/activemq-%d{yy-MM-dd}-%i.log.gz", append="null", locking="null", Policies(CompositeTriggeringPolicy(policies=[OnStartupTriggeringPolicy, TimeBasedTriggeringPolicy(nextRolloverMillis=0, interval=1, modulate=true), SizeBasedTriggeringPolicy(size=3145728)])), DefaultRolloverStrategy(DefaultRolloverStrategy(min=1, max=7, useMax=true)), advertise="null", advertiseUri="null", createOnDemand="null", filePermissions="null", fileOwner="null", fileGroup="null", bufferedIo="null", bufferSize="null", immediateFlush="null", ignoreExceptions="null", PatternLayout([%d] - [%c] - [%highlight{%level}] - [%method] - [%t] - %msg%n), name="activemq", Configuration(LogConfig), Filter=null, ={})
2021-05-21 08:47:05,623 Test worker DEBUG Initializing triggering policy OnStartupTriggeringPolicy
2021-05-21 08:47:05,623 Test worker DEBUG Initializing triggering policy TimeBasedTriggeringPolicy(nextRolloverMillis=0, interval=1, modulate=true)
2021-05-21 08:47:05,623 Test worker TRACE PatternProcessor.getNextTime returning 2021/05/19-00:00:00.000, nextFileTime=2021/05/18-00:00:00.000, prevFileTime=2021/05/18-00:00:00.000, current=2021/05/21-08:47:05.623, freq=DAILY
2021-05-21 08:47:05,623 Test worker TRACE PatternProcessor.getNextTime returning 2021/05/19-00:00:00.000, nextFileTime=2021/05/18-00:00:00.000, prevFileTime=2021/05/18-00:00:00.000, current=2021/05/21-08:47:05.623, freq=DAILY
2021-05-21 08:47:05,624 Test worker DEBUG Initializing triggering policy SizeBasedTriggeringPolicy(size=3145728)
2021-05-21 08:47:05,624 Test worker DEBUG PluginManager 'FileConverter' found 2 plugins
2021-05-21 08:47:05,624 Test worker DEBUG Building Plugin[name=layout, class=org.apache.logging.log4j.core.layout.PatternLayout].
2021-05-21 08:47:05,624 Test worker DEBUG PatternLayout$Builder(pattern="[%d] - [%c] - [%highlight{%level}] - [%method] - [%t] - %msg%n", PatternSelector=null, Configuration(LogConfig), Replace=null, charset="null", alwaysWriteExceptions="null", disableAnsi="null", noConsoleNoAnsi="null", header="null", footer="null")
2021-05-21 08:47:05,625 Test worker DEBUG Building Plugin[name=OnStartupTriggeringPolicy, class=org.apache.logging.log4j.core.appender.rolling.OnStartupTriggeringPolicy].
2021-05-21 08:47:05,625 Test worker DEBUG createPolicy(minSize="1")
2021-05-21 08:47:05,626 Test worker DEBUG Building Plugin[name=TimeBasedTriggeringPolicy, class=org.apache.logging.log4j.core.appender.rolling.TimeBasedTriggeringPolicy].
2021-05-21 08:47:05,626 Test worker DEBUG TimeBasedTriggeringPolicy$Builder(interval="1", modulate="true", maxRandomDelay="null")
2021-05-21 08:47:05,626 Test worker DEBUG Building Plugin[name=SizeBasedTriggeringPolicy, class=org.apache.logging.log4j.core.appender.rolling.SizeBasedTriggeringPolicy].
2021-05-21 08:47:05,626 Test worker DEBUG createPolicy(size="3 MB")
2021-05-21 08:47:05,627 Test worker DEBUG Building Plugin[name=Policies, class=org.apache.logging.log4j.core.appender.rolling.CompositeTriggeringPolicy].
2021-05-21 08:47:05,627 Test worker DEBUG createPolicy(={OnStartupTriggeringPolicy, TimeBasedTriggeringPolicy(nextRolloverMillis=0, interval=1, modulate=true), SizeBasedTriggeringPolicy(size=3145728)})
2021-05-21 08:47:05,627 Test worker DEBUG Building Plugin[name=IfFileName, class=org.apache.logging.log4j.core.appender.rolling.action.IfFileName].
2021-05-21 08:47:05,627 Test worker DEBUG createNameCondition(glob="quartz-*.log.gz", regex="null", ={})
2021-05-21 08:47:05,628 Test worker DEBUG Building Plugin[name=IfLastModified, class=org.apache.logging.log4j.core.appender.rolling.action.IfLastModified].
2021-05-21 08:47:05,628 Test worker DEBUG createAgeCondition(age="P3D", ={})
2021-05-21 08:47:05,629 Test worker DEBUG Building Plugin[name=Delete, class=org.apache.logging.log4j.core.appender.rolling.action.DeleteAction].
2021-05-21 08:47:05,630 Test worker DEBUG createDeleteAction(basePath="./tmp/log4j2/bak", followLinks="false", maxDepth="1", testMode="false", PathSorter=null, ={IfFileName(glob:quartz-*.log.gz), IfLastModified(age=P3D)}, ScriptCondition=null, Configuration(LogConfig))
2021-05-21 08:47:05,630 Test worker DEBUG Building Plugin[name=DefaultRolloverStrategy, class=org.apache.logging.log4j.core.appender.rolling.DefaultRolloverStrategy].
2021-05-21 08:47:05,631 Test worker DEBUG DefaultRolloverStrategy$Builder(max="null", min="null", fileIndex="null", compressionLevel="null", ={DeleteAction[basePath=.\tmp\log4j2\bak, options=[], maxDepth=1, conditions=[IfFileName(glob:quartz-*.log.gz), IfLastModified(age=P3D)]]}, stopCustomActionsOnError="null", tempCompressedFilePattern="null", Configuration(LogConfig))
2021-05-21 08:47:05,631 Test worker DEBUG Building Plugin[name=appender, class=org.apache.logging.log4j.core.appender.RollingFileAppender].
2021-05-21 08:47:05,631 Test worker DEBUG RollingFileAppender$Builder(fileName="./tmp/log4j2/quartz.log", filePattern="./tmp/log4j2/bak/quartz-%d{yy-MM-dd}-%i.log.gz", append="null", locking="null", Policies(CompositeTriggeringPolicy(policies=[OnStartupTriggeringPolicy, TimeBasedTriggeringPolicy(nextRolloverMillis=0, interval=1, modulate=true), SizeBasedTriggeringPolicy(size=3145728)])), DefaultRolloverStrategy(DefaultRolloverStrategy(min=1, max=7, useMax=true)), advertise="null", advertiseUri="null", createOnDemand="null", filePermissions="null", fileOwner="null", fileGroup="null", bufferedIo="null", bufferSize="null", immediateFlush="null", ignoreExceptions="null", PatternLayout([%d] - [%c] - [%highlight{%level}] - [%method] - [%t] - %msg%n), name="quartz", Configuration(LogConfig), Filter=null, ={})
2021-05-21 08:47:05,632 Test worker DEBUG Initializing triggering policy OnStartupTriggeringPolicy
2021-05-21 08:47:05,632 Test worker DEBUG Initializing triggering policy TimeBasedTriggeringPolicy(nextRolloverMillis=0, interval=1, modulate=true)
2021-05-21 08:47:05,632 Test worker TRACE PatternProcessor.getNextTime returning 2021/05/19-00:00:00.000, nextFileTime=2021/05/18-00:00:00.000, prevFileTime=2021/05/18-00:00:00.000, current=2021/05/21-08:47:05.632, freq=DAILY
2021-05-21 08:47:05,632 Test worker TRACE PatternProcessor.getNextTime returning 2021/05/19-00:00:00.000, nextFileTime=2021/05/18-00:00:00.000, prevFileTime=2021/05/18-00:00:00.000, current=2021/05/21-08:47:05.632, freq=DAILY
2021-05-21 08:47:05,632 Test worker DEBUG Initializing triggering policy SizeBasedTriggeringPolicy(size=3145728)
2021-05-21 08:47:05,633 Test worker DEBUG PluginManager 'FileConverter' found 2 plugins
2021-05-21 08:47:05,633 Test worker DEBUG Building Plugin[name=layout, class=org.apache.logging.log4j.core.layout.PatternLayout].
2021-05-21 08:47:05,634 Test worker DEBUG PatternLayout$Builder(pattern="[%d] - [%c] - [%highlight{%level}] - [%method] - [%t] - %msg%n", PatternSelector=null, Configuration(LogConfig), Replace=null, charset="null", alwaysWriteExceptions="null", disableAnsi="null", noConsoleNoAnsi="null", header="null", footer="null")
2021-05-21 08:47:05,634 Test worker DEBUG Building Plugin[name=OnStartupTriggeringPolicy, class=org.apache.logging.log4j.core.appender.rolling.OnStartupTriggeringPolicy].
2021-05-21 08:47:05,635 Test worker DEBUG createPolicy(minSize="1")
2021-05-21 08:47:05,635 Test worker DEBUG Building Plugin[name=TimeBasedTriggeringPolicy, class=org.apache.logging.log4j.core.appender.rolling.TimeBasedTriggeringPolicy].
2021-05-21 08:47:05,635 Test worker DEBUG TimeBasedTriggeringPolicy$Builder(interval="1", modulate="true", maxRandomDelay="null")
2021-05-21 08:47:05,636 Test worker DEBUG Building Plugin[name=SizeBasedTriggeringPolicy, class=org.apache.logging.log4j.core.appender.rolling.SizeBasedTriggeringPolicy].
2021-05-21 08:47:05,636 Test worker DEBUG createPolicy(size="3 MB")
2021-05-21 08:47:05,636 Test worker DEBUG Building Plugin[name=Policies, class=org.apache.logging.log4j.core.appender.rolling.CompositeTriggeringPolicy].
2021-05-21 08:47:05,637 Test worker DEBUG createPolicy(={OnStartupTriggeringPolicy, TimeBasedTriggeringPolicy(nextRolloverMillis=0, interval=1, modulate=true), SizeBasedTriggeringPolicy(size=3145728)})
2021-05-21 08:47:05,637 Test worker DEBUG Building Plugin[name=IfFileName, class=org.apache.logging.log4j.core.appender.rolling.action.IfFileName].
2021-05-21 08:47:05,637 Test worker DEBUG createNameCondition(glob="broker-*.log.gz", regex="null", ={})
2021-05-21 08:47:05,638 Test worker DEBUG Building Plugin[name=IfLastModified, class=org.apache.logging.log4j.core.appender.rolling.action.IfLastModified].
2021-05-21 08:47:05,638 Test worker DEBUG createAgeCondition(age="P3D", ={})
2021-05-21 08:47:05,638 Test worker DEBUG Building Plugin[name=Delete, class=org.apache.logging.log4j.core.appender.rolling.action.DeleteAction].
2021-05-21 08:47:05,639 Test worker DEBUG createDeleteAction(basePath="./tmp/log4j2/bak", followLinks="false", maxDepth="1", testMode="false", PathSorter=null, ={IfFileName(glob:broker-*.log.gz), IfLastModified(age=P3D)}, ScriptCondition=null, Configuration(LogConfig))
2021-05-21 08:47:05,639 Test worker DEBUG Building Plugin[name=DefaultRolloverStrategy, class=org.apache.logging.log4j.core.appender.rolling.DefaultRolloverStrategy].
2021-05-21 08:47:05,640 Test worker DEBUG DefaultRolloverStrategy$Builder(max="null", min="null", fileIndex="null", compressionLevel="null", ={DeleteAction[basePath=.\tmp\log4j2\bak, options=[], maxDepth=1, conditions=[IfFileName(glob:broker-*.log.gz), IfLastModified(age=P3D)]]}, stopCustomActionsOnError="null", tempCompressedFilePattern="null", Configuration(LogConfig))
2021-05-21 08:47:05,640 Test worker DEBUG Building Plugin[name=appender, class=org.apache.logging.log4j.core.appender.RollingFileAppender].
2021-05-21 08:47:05,641 Test worker DEBUG RollingFileAppender$Builder(fileName="./tmp/log4j2/broker.log", filePattern="./tmp/log4j2/bak/broker-%d{yy-MM-dd}-%i.log.gz", append="null", locking="null", Policies(CompositeTriggeringPolicy(policies=[OnStartupTriggeringPolicy, TimeBasedTriggeringPolicy(nextRolloverMillis=0, interval=1, modulate=true), SizeBasedTriggeringPolicy(size=3145728)])), DefaultRolloverStrategy(DefaultRolloverStrategy(min=1, max=7, useMax=true)), advertise="null", advertiseUri="null", createOnDemand="null", filePermissions="null", fileOwner="null", fileGroup="null", bufferedIo="null", bufferSize="null", immediateFlush="null", ignoreExceptions="null", PatternLayout([%d] - [%c] - [%highlight{%level}] - [%method] - [%t] - %msg%n), name="broker", Configuration(LogConfig), Filter=null, ={})
2021-05-21 08:47:05,641 Test worker DEBUG Initializing triggering policy OnStartupTriggeringPolicy
2021-05-21 08:47:05,641 Test worker DEBUG Initializing triggering policy TimeBasedTriggeringPolicy(nextRolloverMillis=0, interval=1, modulate=true)
2021-05-21 08:47:05,642 Test worker TRACE PatternProcessor.getNextTime returning 2021/05/19-00:00:00.000, nextFileTime=2021/05/18-00:00:00.000, prevFileTime=2021/05/18-00:00:00.000, current=2021/05/21-08:47:05.642, freq=DAILY
2021-05-21 08:47:05,642 Test worker TRACE PatternProcessor.getNextTime returning 2021/05/19-00:00:00.000, nextFileTime=2021/05/18-00:00:00.000, prevFileTime=2021/05/18-00:00:00.000, current=2021/05/21-08:47:05.642, freq=DAILY
2021-05-21 08:47:05,643 Test worker DEBUG Initializing triggering policy SizeBasedTriggeringPolicy(size=3145728)
2021-05-21 08:47:05,643 Test worker DEBUG PluginManager 'FileConverter' found 2 plugins
2021-05-21 08:47:05,643 Test worker DEBUG Building Plugin[name=layout, class=org.apache.logging.log4j.core.layout.PatternLayout].
2021-05-21 08:47:05,645 Test worker DEBUG PatternLayout$Builder(pattern="[%d] - [%c] - [%highlight{%level}] - [%method] - [%t] - %msg%n", PatternSelector=null, Configuration(LogConfig), Replace=null, charset="null", alwaysWriteExceptions="null", disableAnsi="null", noConsoleNoAnsi="null", header="null", footer="null")
2021-05-21 08:47:05,649 Test worker DEBUG Building Plugin[name=OnStartupTriggeringPolicy, class=org.apache.logging.log4j.core.appender.rolling.OnStartupTriggeringPolicy].
2021-05-21 08:47:05,649 Test worker DEBUG createPolicy(minSize="1")
2021-05-21 08:47:05,650 Test worker DEBUG Building Plugin[name=TimeBasedTriggeringPolicy, class=org.apache.logging.log4j.core.appender.rolling.TimeBasedTriggeringPolicy].
2021-05-21 08:47:05,650 Test worker DEBUG TimeBasedTriggeringPolicy$Builder(interval="1", modulate="true", maxRandomDelay="null")
2021-05-21 08:47:05,650 Test worker DEBUG Building Plugin[name=SizeBasedTriggeringPolicy, class=org.apache.logging.log4j.core.appender.rolling.SizeBasedTriggeringPolicy].
2021-05-21 08:47:05,651 Test worker DEBUG createPolicy(size="3 MB")
2021-05-21 08:47:05,651 Test worker DEBUG Building Plugin[name=Policies, class=org.apache.logging.log4j.core.appender.rolling.CompositeTriggeringPolicy].
2021-05-21 08:47:05,652 Test worker DEBUG createPolicy(={OnStartupTriggeringPolicy, TimeBasedTriggeringPolicy(nextRolloverMillis=0, interval=1, modulate=true), SizeBasedTriggeringPolicy(size=3145728)})
2021-05-21 08:47:05,652 Test worker DEBUG Building Plugin[name=IfFileName, class=org.apache.logging.log4j.core.appender.rolling.action.IfFileName].
2021-05-21 08:47:05,652 Test worker DEBUG createNameCondition(glob="producer-*.log.gz", regex="null", ={})
2021-05-21 08:47:05,653 Test worker DEBUG Building Plugin[name=IfLastModified, class=org.apache.logging.log4j.core.appender.rolling.action.IfLastModified].
2021-05-21 08:47:05,653 Test worker DEBUG createAgeCondition(age="P3D", ={})
2021-05-21 08:47:05,653 Test worker DEBUG Building Plugin[name=Delete, class=org.apache.logging.log4j.core.appender.rolling.action.DeleteAction].
2021-05-21 08:47:05,654 Test worker DEBUG createDeleteAction(basePath="./tmp/log4j2/bak", followLinks="false", maxDepth="1", testMode="false", PathSorter=null, ={IfFileName(glob:producer-*.log.gz), IfLastModified(age=P3D)}, ScriptCondition=null, Configuration(LogConfig))
2021-05-21 08:47:05,655 Test worker DEBUG Building Plugin[name=DefaultRolloverStrategy, class=org.apache.logging.log4j.core.appender.rolling.DefaultRolloverStrategy].
2021-05-21 08:47:05,655 Test worker DEBUG DefaultRolloverStrategy$Builder(max="null", min="null", fileIndex="null", compressionLevel="null", ={DeleteAction[basePath=.\tmp\log4j2\bak, options=[], maxDepth=1, conditions=[IfFileName(glob:producer-*.log.gz), IfLastModified(age=P3D)]]}, stopCustomActionsOnError="null", tempCompressedFilePattern="null", Configuration(LogConfig))
2021-05-21 08:47:05,656 Test worker DEBUG Building Plugin[name=appender, class=org.apache.logging.log4j.core.appender.RollingFileAppender].
2021-05-21 08:47:05,657 Test worker DEBUG RollingFileAppender$Builder(fileName="./tmp/log4j2/producer.log", filePattern="./tmp/log4j2/bak/producer-%d{yy-MM-dd}-%i.log.gz", append="null", locking="null", Policies(CompositeTriggeringPolicy(policies=[OnStartupTriggeringPolicy, TimeBasedTriggeringPolicy(nextRolloverMillis=0, interval=1, modulate=true), SizeBasedTriggeringPolicy(size=3145728)])), DefaultRolloverStrategy(DefaultRolloverStrategy(min=1, max=7, useMax=true)), advertise="null", advertiseUri="null", createOnDemand="null", filePermissions="null", fileOwner="null", fileGroup="null", bufferedIo="null", bufferSize="null", immediateFlush="null", ignoreExceptions="null", PatternLayout([%d] - [%c] - [%highlight{%level}] - [%method] - [%t] - %msg%n), name="producer", Configuration(LogConfig), Filter=null, ={})
2021-05-21 08:47:05,657 Test worker DEBUG Initializing triggering policy OnStartupTriggeringPolicy
2021-05-21 08:47:05,658 Test worker DEBUG Initializing triggering policy TimeBasedTriggeringPolicy(nextRolloverMillis=0, interval=1, modulate=true)
2021-05-21 08:47:05,658 Test worker TRACE PatternProcessor.getNextTime returning 2021/05/19-00:00:00.000, nextFileTime=2021/05/18-00:00:00.000, prevFileTime=2021/05/18-00:00:00.000, current=2021/05/21-08:47:05.658, freq=DAILY
2021-05-21 08:47:05,658 Test worker TRACE PatternProcessor.getNextTime returning 2021/05/19-00:00:00.000, nextFileTime=2021/05/18-00:00:00.000, prevFileTime=2021/05/18-00:00:00.000, current=2021/05/21-08:47:05.658, freq=DAILY
2021-05-21 08:47:05,659 Test worker DEBUG Initializing triggering policy SizeBasedTriggeringPolicy(size=3145728)
2021-05-21 08:47:05,659 Test worker DEBUG PluginManager 'FileConverter' found 2 plugins
2021-05-21 08:47:05,659 Test worker DEBUG Building Plugin[name=layout, class=org.apache.logging.log4j.core.layout.PatternLayout].
2021-05-21 08:47:05,661 Test worker DEBUG PatternLayout$Builder(pattern="[%d] - [%c] - [%highlight{%level}] - [%method] - [%t] - %msg%n", PatternSelector=null, Configuration(LogConfig), Replace=null, charset="null", alwaysWriteExceptions="null", disableAnsi="null", noConsoleNoAnsi="null", header="null", footer="null")
2021-05-21 08:47:05,663 Test worker DEBUG Building Plugin[name=OnStartupTriggeringPolicy, class=org.apache.logging.log4j.core.appender.rolling.OnStartupTriggeringPolicy].
2021-05-21 08:47:05,664 Test worker DEBUG createPolicy(minSize="1")
2021-05-21 08:47:05,665 Test worker DEBUG Building Plugin[name=TimeBasedTriggeringPolicy, class=org.apache.logging.log4j.core.appender.rolling.TimeBasedTriggeringPolicy].
2021-05-21 08:47:05,665 Test worker DEBUG TimeBasedTriggeringPolicy$Builder(interval="1", modulate="true", maxRandomDelay="null")
2021-05-21 08:47:05,665 Test worker DEBUG Building Plugin[name=SizeBasedTriggeringPolicy, class=org.apache.logging.log4j.core.appender.rolling.SizeBasedTriggeringPolicy].
2021-05-21 08:47:05,666 Test worker DEBUG createPolicy(size="3 MB")
2021-05-21 08:47:05,666 Test worker DEBUG Building Plugin[name=Policies, class=org.apache.logging.log4j.core.appender.rolling.CompositeTriggeringPolicy].
2021-05-21 08:47:05,666 Test worker DEBUG createPolicy(={OnStartupTriggeringPolicy, TimeBasedTriggeringPolicy(nextRolloverMillis=0, interval=1, modulate=true), SizeBasedTriggeringPolicy(size=3145728)})
2021-05-21 08:47:05,667 Test worker DEBUG Building Plugin[name=IfFileName, class=org.apache.logging.log4j.core.appender.rolling.action.IfFileName].
2021-05-21 08:47:05,667 Test worker DEBUG createNameCondition(glob="producer-*.log.gz", regex="null", ={})
2021-05-21 08:47:05,667 Test worker DEBUG Building Plugin[name=IfLastModified, class=org.apache.logging.log4j.core.appender.rolling.action.IfLastModified].
2021-05-21 08:47:05,668 Test worker DEBUG createAgeCondition(age="P3D", ={})
2021-05-21 08:47:05,668 Test worker DEBUG Building Plugin[name=Delete, class=org.apache.logging.log4j.core.appender.rolling.action.DeleteAction].
2021-05-21 08:47:05,669 Test worker DEBUG createDeleteAction(basePath="./tmp/log4j2/bak", followLinks="false", maxDepth="1", testMode="false", PathSorter=null, ={IfFileName(glob:producer-*.log.gz), IfLastModified(age=P3D)}, ScriptCondition=null, Configuration(LogConfig))
2021-05-21 08:47:05,669 Test worker DEBUG Building Plugin[name=DefaultRolloverStrategy, class=org.apache.logging.log4j.core.appender.rolling.DefaultRolloverStrategy].
2021-05-21 08:47:05,670 Test worker DEBUG DefaultRolloverStrategy$Builder(max="null", min="null", fileIndex="null", compressionLevel="null", ={DeleteAction[basePath=.\tmp\log4j2\bak, options=[], maxDepth=1, conditions=[IfFileName(glob:producer-*.log.gz), IfLastModified(age=P3D)]]}, stopCustomActionsOnError="null", tempCompressedFilePattern="null", Configuration(LogConfig))
2021-05-21 08:47:05,670 Test worker DEBUG Building Plugin[name=appender, class=org.apache.logging.log4j.core.appender.RollingFileAppender].
2021-05-21 08:47:05,671 Test worker DEBUG RollingFileAppender$Builder(fileName="./tmp/log4j2/consumer.log", filePattern="./tmp/log4j2/bak/consumer-%d{yy-MM-dd}-%i.log.gz", append="null", locking="null", Policies(CompositeTriggeringPolicy(policies=[OnStartupTriggeringPolicy, TimeBasedTriggeringPolicy(nextRolloverMillis=0, interval=1, modulate=true), SizeBasedTriggeringPolicy(size=3145728)])), DefaultRolloverStrategy(DefaultRolloverStrategy(min=1, max=7, useMax=true)), advertise="null", advertiseUri="null", createOnDemand="null", filePermissions="null", fileOwner="null", fileGroup="null", bufferedIo="null", bufferSize="null", immediateFlush="null", ignoreExceptions="null", PatternLayout([%d] - [%c] - [%highlight{%level}] - [%method] - [%t] - %msg%n), name="consumer", Configuration(LogConfig), Filter=null, ={})
2021-05-21 08:47:05,671 Test worker DEBUG Initializing triggering policy OnStartupTriggeringPolicy
2021-05-21 08:47:05,672 Test worker DEBUG Initializing triggering policy TimeBasedTriggeringPolicy(nextRolloverMillis=0, interval=1, modulate=true)
2021-05-21 08:47:05,672 Test worker TRACE PatternProcessor.getNextTime returning 2021/05/19-00:00:00.000, nextFileTime=2021/05/18-00:00:00.000, prevFileTime=2021/05/18-00:00:00.000, current=2021/05/21-08:47:05.672, freq=DAILY
2021-05-21 08:47:05,672 Test worker TRACE PatternProcessor.getNextTime returning 2021/05/19-00:00:00.000, nextFileTime=2021/05/18-00:00:00.000, prevFileTime=2021/05/18-00:00:00.000, current=2021/05/21-08:47:05.672, freq=DAILY
2021-05-21 08:47:05,673 Test worker DEBUG Initializing triggering policy SizeBasedTriggeringPolicy(size=3145728)
2021-05-21 08:47:05,673 Test worker DEBUG PluginManager 'FileConverter' found 2 plugins
2021-05-21 08:47:05,673 Test worker DEBUG Building Plugin[name=appenders, class=org.apache.logging.log4j.core.config.AppendersPlugin].
2021-05-21 08:47:05,674 Test worker DEBUG createAppenders(={stdout, service, hibernate, activemq, quartz, broker, producer, consumer})
2021-05-21 08:47:05,674 Test worker DEBUG Building Plugin[name=AppenderRef, class=org.apache.logging.log4j.core.config.AppenderRef].
2021-05-21 08:47:05,676 Test worker DEBUG createAppenderRef(ref="activemq", level="null", Filter=null)
2021-05-21 08:47:05,677 Test worker DEBUG Building Plugin[name=AppenderRef, class=org.apache.logging.log4j.core.config.AppenderRef].
2021-05-21 08:47:05,677 Test worker DEBUG createAppenderRef(ref="stdout", level="null", Filter=null)
2021-05-21 08:47:05,678 Test worker DEBUG Building Plugin[name=logger, class=org.apache.logging.log4j.core.config.LoggerConfig].
2021-05-21 08:47:05,680 Test worker DEBUG createLogger(additivity="false", level="DEBUG", name="org.apache.activemq", includeLocation="null", ={activemq, stdout}, ={}, Configuration(LogConfig), Filter=null)
2021-05-21 08:47:05,680 Test worker DEBUG Building Plugin[name=AppenderRef, class=org.apache.logging.log4j.core.config.AppenderRef].
2021-05-21 08:47:05,681 Test worker DEBUG createAppenderRef(ref="hibernate", level="null", Filter=null)
2021-05-21 08:47:05,681 Test worker DEBUG Building Plugin[name=AppenderRef, class=org.apache.logging.log4j.core.config.AppenderRef].
2021-05-21 08:47:05,682 Test worker DEBUG createAppenderRef(ref="stdout", level="null", Filter=null)
2021-05-21 08:47:05,682 Test worker DEBUG Building Plugin[name=logger, class=org.apache.logging.log4j.core.config.LoggerConfig].
2021-05-21 08:47:05,682 Test worker DEBUG createLogger(additivity="false", level="DEBUG", name="org.hibernate", includeLocation="null", ={hibernate, stdout}, ={}, Configuration(LogConfig), Filter=null)
2021-05-21 08:47:05,683 Test worker DEBUG Building Plugin[name=AppenderRef, class=org.apache.logging.log4j.core.config.AppenderRef].
2021-05-21 08:47:05,683 Test worker DEBUG createAppenderRef(ref="quartz", level="null", Filter=null)
2021-05-21 08:47:05,683 Test worker DEBUG Building Plugin[name=AppenderRef, class=org.apache.logging.log4j.core.config.AppenderRef].
2021-05-21 08:47:05,684 Test worker DEBUG createAppenderRef(ref="stdout", level="null", Filter=null)
2021-05-21 08:47:05,684 Test worker DEBUG Building Plugin[name=logger, class=org.apache.logging.log4j.core.config.LoggerConfig].
2021-05-21 08:47:05,684 Test worker DEBUG createLogger(additivity="false", level="DEBUG", name="org.quartz", includeLocation="null", ={quartz, stdout}, ={}, Configuration(LogConfig), Filter=null)
2021-05-21 08:47:05,685 Test worker DEBUG Building Plugin[name=AppenderRef, class=org.apache.logging.log4j.core.config.AppenderRef].
2021-05-21 08:47:05,685 Test worker DEBUG createAppenderRef(ref="broker", level="null", Filter=null)
2021-05-21 08:47:05,685 Test worker DEBUG Building Plugin[name=AppenderRef, class=org.apache.logging.log4j.core.config.AppenderRef].
2021-05-21 08:47:05,685 Test worker DEBUG createAppenderRef(ref="stdout", level="null", Filter=null)
2021-05-21 08:47:05,686 Test worker DEBUG Building Plugin[name=logger, class=org.apache.logging.log4j.core.config.LoggerConfig].
2021-05-21 08:47:05,686 Test worker DEBUG createLogger(additivity="false", level="DEBUG", name="org.apache.activemq.broker", includeLocation="null", ={broker, stdout}, ={}, Configuration(LogConfig), Filter=null)
2021-05-21 08:47:05,687 Test worker DEBUG Building Plugin[name=AppenderRef, class=org.apache.logging.log4j.core.config.AppenderRef].
2021-05-21 08:47:05,687 Test worker DEBUG createAppenderRef(ref="producer", level="null", Filter=null)
2021-05-21 08:47:05,687 Test worker DEBUG Building Plugin[name=AppenderRef, class=org.apache.logging.log4j.core.config.AppenderRef].
2021-05-21 08:47:05,688 Test worker DEBUG createAppenderRef(ref="stdout", level="null", Filter=null)
2021-05-21 08:47:05,688 Test worker DEBUG Building Plugin[name=logger, class=org.apache.logging.log4j.core.config.LoggerConfig].
2021-05-21 08:47:05,689 Test worker DEBUG createLogger(additivity="false", level="DEBUG", name="com.ares.mq.jms.swift.SwiftMessageProducer", includeLocation="null", ={producer, stdout}, ={}, Configuration(LogConfig), Filter=null)
2021-05-21 08:47:05,689 Test worker DEBUG Building Plugin[name=AppenderRef, class=org.apache.logging.log4j.core.config.AppenderRef].
2021-05-21 08:47:05,690 Test worker DEBUG createAppenderRef(ref="consumer", level="null", Filter=null)
2021-05-21 08:47:05,691 Test worker DEBUG Building Plugin[name=AppenderRef, class=org.apache.logging.log4j.core.config.AppenderRef].
2021-05-21 08:47:05,692 Test worker DEBUG createAppenderRef(ref="stdout", level="null", Filter=null)
2021-05-21 08:47:05,693 Test worker DEBUG Building Plugin[name=logger, class=org.apache.logging.log4j.core.config.LoggerConfig].
2021-05-21 08:47:05,694 Test worker DEBUG createLogger(additivity="false", level="DEBUG", name="com.ares.mq.jms.swift.SwiftMessageConsumer", includeLocation="null", ={consumer, stdout}, ={}, Configuration(LogConfig), Filter=null)
2021-05-21 08:47:05,695 Test worker DEBUG Building Plugin[name=AppenderRef, class=org.apache.logging.log4j.core.config.AppenderRef].
[2021-05-21 08:47:05,694] - [org.hibernate.validator.messageinterpolation.ResourceBundleMessageInterpolator] - [DEBUG] - [buildExpressionFactory] - [background-preinit] - Loaded expression factory via original TCCL
2021-05-21 08:47:05,695 Test worker DEBUG createAppenderRef(ref="stdout", level="null", Filter=null)
2021-05-21 08:47:05,696 Test worker DEBUG Building Plugin[name=AppenderRef, class=org.apache.logging.log4j.core.config.AppenderRef].
2021-05-21 08:47:05,696 Test worker DEBUG createAppenderRef(ref="service", level="null", Filter=null)
2021-05-21 08:47:05,696 Test worker DEBUG Building Plugin[name=root, class=org.apache.logging.log4j.core.config.LoggerConfig$RootLogger].
2021-05-21 08:47:05,697 Test worker DEBUG createLogger(additivity="null", level="INFO", includeLocation="null", ={stdout, service}, ={}, Configuration(LogConfig), Filter=null)
2021-05-21 08:47:05,697 Test worker DEBUG Building Plugin[name=loggers, class=org.apache.logging.log4j.core.config.LoggersPlugin].
2021-05-21 08:47:05,698 Test worker DEBUG createLoggers(={org.apache.activemq, org.hibernate, org.quartz, org.apache.activemq.broker, com.ares.mq.jms.swift.SwiftMessageProducer, com.ares.mq.jms.swift.SwiftMessageConsumer, root})
2021-05-21 08:47:05,698 Test worker DEBUG Configuration XmlConfiguration[location=C:\Users\user\Documents\xmldemo\build\resources\main\log4j2.xml] initialized
2021-05-21 08:47:05,698 Test worker DEBUG Starting configuration XmlConfiguration[location=C:\Users\user\Documents\xmldemo\build\resources\main\log4j2.xml]
2021-05-21 08:47:05,698 Test worker DEBUG Started configuration XmlConfiguration[location=C:\Users\user\Documents\xmldemo\build\resources\main\log4j2.xml] OK.
2021-05-21 08:47:05,699 Test worker TRACE Stopping XmlConfiguration[location=C:\Users\user\Documents\xmldemo\build\resources\main\log4j2.xml]...
2021-05-21 08:47:05,699 Test worker TRACE XmlConfiguration notified 8 ReliabilityStrategies that config will be stopped.
2021-05-21 08:47:05,699 Test worker TRACE XmlConfiguration stopping 7 LoggerConfigs.
2021-05-21 08:47:05,700 Test worker TRACE XmlConfiguration stopping root LoggerConfig.
2021-05-21 08:47:05,700 Test worker TRACE XmlConfiguration notifying ReliabilityStrategies that appenders will be stopped.
2021-05-21 08:47:05,700 Test worker TRACE XmlConfiguration stopping remaining Appenders.
2021-05-21 08:47:05,700 Test worker DEBUG Appender consumer stopped with status true
2021-05-21 08:47:05,700 Test worker DEBUG Appender broker stopped with status true
2021-05-21 08:47:05,701 Test worker DEBUG Appender hibernate stopped with status true
2021-05-21 08:47:05,701 Test worker DEBUG Appender producer stopped with status true
2021-05-21 08:47:05,701 Test worker DEBUG Appender quartz stopped with status true
2021-05-21 08:47:05,701 Test worker DEBUG Appender service stopped with status true
2021-05-21 08:47:05,701 Test worker DEBUG Appender stdout stopped with status true
2021-05-21 08:47:05,701 Test worker DEBUG Appender activemq stopped with status true
2021-05-21 08:47:05,702 Test worker TRACE XmlConfiguration stopped 8 remaining Appenders.
2021-05-21 08:47:05,702 Test worker TRACE XmlConfiguration cleaning Appenders from 8 LoggerConfigs.
2021-05-21 08:47:05,702 Test worker DEBUG Stopped XmlConfiguration[location=C:\Users\user\Documents\xmldemo\build\resources\main\log4j2.xml] OK
2021-05-21 08:47:05,702 Test worker TRACE Reregistering MBeans after reconfigure. Selector=org.apache.logging.log4j.core.selector.ClassLoaderContextSelector@37168c4f
2021-05-21 08:47:05,702 Test worker TRACE Reregistering context (1/1): '73d16e93' org.apache.logging.log4j.core.LoggerContext@248dc72f
2021-05-21 08:47:05,703 Test worker TRACE Unregistering 1 MBeans: [org.apache.logging.log4j2:type=73d16e93]
2021-05-21 08:47:05,704 Test worker TRACE Unregistering 1 MBeans: [org.apache.logging.log4j2:type=73d16e93,component=StatusLogger]
2021-05-21 08:47:05,705 Test worker TRACE Unregistering 1 MBeans: [org.apache.logging.log4j2:type=73d16e93,component=ContextSelector]
2021-05-21 08:47:05,705 Test worker TRACE Unregistering 7 MBeans: [org.apache.logging.log4j2:type=73d16e93,component=Loggers,name=org.apache.activemq, org.apache.logging.log4j2:type=73d16e93,component=Loggers,name=com.ares.mq.jms.swift.SwiftMessageConsumer, org.apache.logging.log4j2:type=73d16e93,component=Loggers,name=org.quartz, org.apache.logging.log4j2:type=73d16e93,component=Loggers,name=org.apache.activemq.broker, org.apache.logging.log4j2:type=73d16e93,component=Loggers,name=com.ares.mq.jms.swift.SwiftMessageProducer, org.apache.logging.log4j2:type=73d16e93,component=Loggers,name=org.hibernate, org.apache.logging.log4j2:type=73d16e93,component=Loggers,name=]
2021-05-21 08:47:05,707 Test worker TRACE Unregistering 8 MBeans: [org.apache.logging.log4j2:type=73d16e93,component=Appenders,name=stdout, org.apache.logging.log4j2:type=73d16e93,component=Appenders,name=consumer, org.apache.logging.log4j2:type=73d16e93,component=Appenders,name=quartz, org.apache.logging.log4j2:type=73d16e93,component=Appenders,name=service, org.apache.logging.log4j2:type=73d16e93,component=Appenders,name=broker, org.apache.logging.log4j2:type=73d16e93,component=Appenders,name=producer, org.apache.logging.log4j2:type=73d16e93,component=Appenders,name=activemq, org.apache.logging.log4j2:type=73d16e93,component=Appenders,name=hibernate]
2021-05-21 08:47:05,709 Test worker TRACE Unregistering but no MBeans found matching 'org.apache.logging.log4j2:type=73d16e93,component=AsyncAppenders,name=*'
2021-05-21 08:47:05,710 Test worker TRACE Unregistering but no MBeans found matching 'org.apache.logging.log4j2:type=73d16e93,component=AsyncLoggerRingBuffer'
2021-05-21 08:47:05,710 Test worker TRACE Unregistering but no MBeans found matching 'org.apache.logging.log4j2:type=73d16e93,component=Loggers,name=*,subtype=RingBuffer'
2021-05-21 08:47:05,711 Test worker DEBUG Registering MBean org.apache.logging.log4j2:type=73d16e93
[2021-05-21 08:47:05,711] - [org.hibernate.validator.internal.engine.ValidatorFactoryImpl] - [DEBUG] - [logValidatorFactoryScopedConfiguration] - [background-preinit] - HV000234: Using org.hibernate.validator.messageinterpolation.ResourceBundleMessageInterpolator as ValidatorFactory-scoped message interpolator.
2021-05-21 08:47:05,711 Test worker DEBUG Registering MBean org.apache.logging.log4j2:type=73d16e93,component=StatusLogger
2021-05-21 08:47:05,711 Test worker DEBUG Registering MBean org.apache.logging.log4j2:type=73d16e93,component=ContextSelector
2021-05-21 08:47:05,712 Test worker DEBUG Registering MBean org.apache.logging.log4j2:type=73d16e93,component=Loggers,name=org.apache.activemq.broker
2021-05-21 08:47:05,712 Test worker DEBUG Registering MBean org.apache.logging.log4j2:type=73d16e93,component=Loggers,name=
2021-05-21 08:47:05,712 Test worker DEBUG Registering MBean org.apache.logging.log4j2:type=73d16e93,component=Loggers,name=org.apache.activemq
2021-05-21 08:47:05,713 Test worker DEBUG Registering MBean org.apache.logging.log4j2:type=73d16e93,component=Loggers,name=com.ares.mq.jms.swift.SwiftMessageConsumer
2021-05-21 08:47:05,713 Test worker DEBUG Registering MBean org.apache.logging.log4j2:type=73d16e93,component=Loggers,name=com.ares.mq.jms.swift.SwiftMessageProducer
2021-05-21 08:47:05,713 Test worker DEBUG Registering MBean org.apache.logging.log4j2:type=73d16e93,component=Loggers,name=org.hibernate
2021-05-21 08:47:05,714 Test worker DEBUG Registering MBean org.apache.logging.log4j2:type=73d16e93,component=Loggers,name=org.quartz
2021-05-21 08:47:05,714 Test worker DEBUG Registering MBean org.apache.logging.log4j2:type=73d16e93,component=Appenders,name=activemq
2021-05-21 08:47:05,714 Test worker DEBUG Registering MBean org.apache.logging.log4j2:type=73d16e93,component=Appenders,name=stdout
2021-05-21 08:47:05,715 Test worker DEBUG Registering MBean org.apache.logging.log4j2:type=73d16e93,component=Appenders,name=service
2021-05-21 08:47:05,715 Test worker DEBUG Registering MBean org.apache.logging.log4j2:type=73d16e93,component=Appenders,name=quartz
2021-05-21 08:47:05,715 Test worker DEBUG Registering MBean org.apache.logging.log4j2:type=73d16e93,component=Appenders,name=producer
2021-05-21 08:47:05,715 Test worker DEBUG Registering MBean org.apache.logging.log4j2:type=73d16e93,component=Appenders,name=hibernate
2021-05-21 08:47:05,716 Test worker DEBUG Registering MBean org.apache.logging.log4j2:type=73d16e93,component=Appenders,name=broker
2021-05-21 08:47:05,716 Test worker DEBUG Registering MBean org.apache.logging.log4j2:type=73d16e93,component=Appenders,name=consumer
2021-05-21 08:47:05,716 Test worker TRACE Using DummyNanoClock for nanosecond timestamps.
2021-05-21 08:47:05,717 Test worker DEBUG Reconfiguration complete for context[name=73d16e93] at URI C:\Users\user\Documents\xmldemo\build\resources\main\log4j2.xml (org.apache.logging.log4j.core.LoggerContext@248dc72f) with optional ClassLoader: null
[2021-05-21 08:47:05,711] - [org.hibernate.validator.internal.engine.ValidatorFactoryImpl] - [DEBUG] - [logValidatorFactoryScopedConfiguration] - [background-preinit] - HV000234: Using org.hibernate.validator.internal.engine.resolver.TraverseAllTraversableResolver as ValidatorFactory-scoped traversable resolver.
[2021-05-21 08:47:05,721] - [org.hibernate.validator.internal.engine.ValidatorFactoryImpl] - [DEBUG] - [logValidatorFactoryScopedConfiguration] - [background-preinit] - HV000234: Using org.hibernate.validator.internal.util.ExecutableParameterNameProvider as ValidatorFactory-scoped parameter name provider.
[2021-05-21 08:47:05,722] - [org.hibernate.validator.internal.engine.ValidatorFactoryImpl] - [DEBUG] - [logValidatorFactoryScopedConfiguration] - [background-preinit] - HV000234: Using org.hibernate.validator.internal.engine.DefaultClockProvider as ValidatorFactory-scoped clock provider.
[2021-05-21 08:47:05,722] - [org.hibernate.validator.internal.engine.ValidatorFactoryImpl] - [DEBUG] - [logValidatorFactoryScopedConfiguration] - [background-preinit] - HV000234: Using org.hibernate.validator.internal.engine.scripting.DefaultScriptEvaluatorFactory as ValidatorFactory-scoped script evaluator factory.

  .   ____          _            __ _ _
 /\\ / ___'_ __ _ _(_)_ __  __ _ \ \ \ \
( ( )\___ | '_ | '_| | '_ \/ _` | \ \ \ \
 \\/  ___)| |_)| | | | | || (_| |  ) ) ) )
  '  |____| .__|_| |_|_| |_\__, | / / / /
 =========|_|==============|___/=/_/_/_/
 :: Spring Boot ::        (v2.1.8.RELEASE)

[2021-05-21 08:47:05,809] - [com.example.demo.DemoApplicationTests] - [INFO] - [logStarting] - [Test worker] - Starting DemoApplicationTests on LAPTOP-449SQE49 with PID 8452 (started by user in C:\Users\user\Documents\xmldemo)
[2021-05-21 08:47:05,810] - [com.example.demo.DemoApplicationTests] - [INFO] - [logStartupProfileInfo] - [Test worker] - No active profile set, falling back to default profiles: default
建構函式3
[2021-05-21 08:47:06,886] - [org.hibernate.validator.internal.engine.resolver.TraversableResolvers] - [DEBUG] - [getDefault] - [Test worker] - Cannot find javax.persistence.Persistence on classpath. Assuming non JPA 2 environment. All properties will per default be traversable.
[2021-05-21 08:47:06,887] - [org.hibernate.validator.messageinterpolation.ResourceBundleMessageInterpolator] - [DEBUG] - [buildExpressionFactory] - [Test worker] - Loaded expression factory via original TCCL
[2021-05-21 08:47:06,893] - [org.hibernate.validator.internal.engine.resolver.TraversableResolvers] - [DEBUG] - [getDefault] - [Test worker] - Cannot find javax.persistence.Persistence on classpath. Assuming non JPA 2 environment. All properties will per default be traversable.
[2021-05-21 08:47:06,894] - [org.hibernate.validator.internal.engine.ConfigurationImpl] - [DEBUG] - [messageInterpolator] - [Test worker] - Setting custom MessageInterpolator of type org.springframework.validation.beanvalidation.LocaleContextMessageInterpolator
[2021-05-21 08:47:06,895] - [org.hibernate.validator.internal.engine.ConfigurationImpl] - [DEBUG] - [constraintValidatorFactory] - [Test worker] - Setting custom ConstraintValidatorFactory of type org.springframework.validation.beanvalidation.SpringConstraintValidatorFactory
[2021-05-21 08:47:06,895] - [org.hibernate.validator.internal.engine.ConfigurationImpl] - [DEBUG] - [parameterNameProvider] - [Test worker] - Setting custom ParameterNameProvider of type org.springframework.validation.beanvalidation.LocalValidatorFactoryBean$1
[2021-05-21 08:47:06,896] - [org.hibernate.validator.internal.xml.config.ValidationXmlParser] - [DEBUG] - [getValidationXmlInputStream] - [Test worker] - Trying to load META-INF/validation.xml for XML based Validator configuration.
[2021-05-21 08:47:06,896] - [org.hibernate.validator.internal.xml.config.ResourceLoaderHelper] - [DEBUG] - [getResettableInputStreamForPath] - [Test worker] - Trying to load META-INF/validation.xml via user class loader
[2021-05-21 08:47:06,897] - [org.hibernate.validator.internal.xml.config.ResourceLoaderHelper] - [DEBUG] - [getResettableInputStreamForPath] - [Test worker] - Trying to load META-INF/validation.xml via TCCL
[2021-05-21 08:47:06,898] - [org.hibernate.validator.internal.xml.config.ResourceLoaderHelper] - [DEBUG] - [getResettableInputStreamForPath] - [Test worker] - Trying to load META-INF/validation.xml via Hibernate Validator's class loader
[2021-05-21 08:47:06,898] - [org.hibernate.validator.internal.xml.config.ValidationXmlParser] - [DEBUG] - [getValidationXmlInputStream] - [Test worker] - No META-INF/validation.xml found. Using annotation based configuration only.
[2021-05-21 08:47:06,902] - [org.hibernate.validator.internal.engine.ValidatorFactoryImpl] - [DEBUG] - [logValidatorFactoryScopedConfiguration] - [Test worker] - HV000234: Using org.springframework.validation.beanvalidation.LocaleContextMessageInterpolator as ValidatorFactory-scoped message interpolator.
[2021-05-21 08:47:06,902] - [org.hibernate.validator.internal.engine.ValidatorFactoryImpl] - [DEBUG] - [logValidatorFactoryScopedConfiguration] - [Test worker] - HV000234: Using org.hibernate.validator.internal.engine.resolver.TraverseAllTraversableResolver as ValidatorFactory-scoped traversable resolver.
[2021-05-21 08:47:06,902] - [org.hibernate.validator.internal.engine.ValidatorFactoryImpl] - [DEBUG] - [logValidatorFactoryScopedConfiguration] - [Test worker] - HV000234: Using org.hibernate.validator.internal.util.ExecutableParameterNameProvider as ValidatorFactory-scoped parameter name provider.
[2021-05-21 08:47:06,903] - [org.hibernate.validator.internal.engine.ValidatorFactoryImpl] - [DEBUG] - [logValidatorFactoryScopedConfiguration] - [Test worker] - HV000234: Using org.hibernate.validator.internal.engine.DefaultClockProvider as ValidatorFactory-scoped clock provider.
[2021-05-21 08:47:06,903] - [org.hibernate.validator.internal.engine.ValidatorFactoryImpl] - [DEBUG] - [logValidatorFactoryScopedConfiguration] - [Test worker] - HV000234: Using org.hibernate.validator.internal.engine.scripting.DefaultScriptEvaluatorFactory as ValidatorFactory-scoped script evaluator factory.
[2021-05-21 08:47:07,079] - [org.springframework.scheduling.concurrent.ThreadPoolTaskExecutor] - [INFO] - [initialize] - [Test worker] - Initializing ExecutorService 'applicationTaskExecutor'
[2021-05-21 08:47:07,315] - [com.example.demo.DemoApplicationTests] - [INFO] - [logStarted] - [Test worker] - Started DemoApplicationTests in 1.859 seconds (JVM running for 3.352)
開始
In init block of country
Country name: India
Country population: 20000
In destroy block of country
]]></system-out>
  <system-err><![CDATA[]]></system-err>
</testsuite>
